2018-06-19 09:15:11 [WARNING] Retrying (Retry(total=2, connect=None, read=None, redirect=None, status=None)) after connection broken by 'SSLError(SSLError(1, '[SSL: CERTIFICATE_VERIFY_FAILED] certificate verify failed (_ssl.c:777)'),)': /api/v2/markets/eth-clp/ticker
2018-06-19 09:15:11 [INFO] | | OPEN | HIGH | LOW | CLOSE | LAST PRICE | BUY | SELL |
2018-06-19 09:15:11 [INFO] | RESUMEN | 336215.45 | 340000.0 | 331027.0 | 336766.99 | 336766.99 |  |  |
2018-06-19 09:19:56 [WARNING] Retrying (Retry(total=2, connect=None, read=None, redirect=None, status=None)) after connection broken by 'SSLError(SSLError(1, '[SSL: CERTIFICATE_VERIFY_FAILED] certificate verify failed (_ssl.c:777)'),)': /api/v2/balances/ETH
2018-06-19 09:21:40 [WARNING] Retrying (Retry(total=2, connect=None, read=None, redirect=None, status=None)) after connection broken by 'SSLError(SSLError(1, '[SSL: CERTIFICATE_VERIFY_FAILED] certificate verify failed (_ssl.c:777)'),)': /api/v2/balances/ETH
2018-06-19 09:30:35 [WARNING] Retrying (Retry(total=2, connect=None, read=None, redirect=None, status=None)) after connection broken by 'SSLError(SSLError(1, '[SSL: CERTIFICATE_VERIFY_FAILED] certificate verify failed (_ssl.c:777)'),)': /api/v2/markets/eth-clp/ticker
2018-06-19 09:33:59 [WARNING] Retrying (Retry(total=2, connect=None, read=None, redirect=None, status=None)) after connection broken by 'SSLError(SSLError(1, '[SSL: CERTIFICATE_VERIFY_FAILED] certificate verify failed (_ssl.c:777)'),)': /api/v2/balances/ETH
2018-06-19 09:35:23 [INFO] | RESUMEN | 336215.45 | 350000.0 | 331027.0 | 350000.0 | 336766.99 | BUY |  | 
2018-06-19 09:36:11 [INFO] | RESUMEN | 336215.45 | 350000.0 | 331027.0 | 350000.0 | 350000.0 |  |  | 
2018-06-19 09:46:31 [WARNING] Retrying (Retry(total=2, connect=None, read=None, redirect=None, status=None)) after connection broken by 'SSLError(SSLError(1, '[SSL: CERTIFICATE_VERIFY_FAILED] certificate verify failed (_ssl.c:777)'),)': /api/v2/markets/eth-clp/ticker
2018-06-19 09:47:51 [WARNING] Retrying (Retry(total=2, connect=None, read=None, redirect=None, status=None)) after connection broken by 'SSLError(SSLError(1, '[SSL: CERTIFICATE_VERIFY_FAILED] certificate verify failed (_ssl.c:777)'),)': /api/v2/balances/ETH
2018-06-19 09:55:31 [WARNING] Retrying (Retry(total=2, connect=None, read=None, redirect=None, status=None)) after connection broken by 'SSLError(SSLError(1, '[SSL: CERTIFICATE_VERIFY_FAILED] certificate verify failed (_ssl.c:777)'),)': /api/v2/balances/ETH
2018-06-19 10:00:49 [WARNING] Retrying (Retry(total=2, connect=None, read=None, redirect=None, status=None)) after connection broken by 'SSLError(SSLError(1, '[SSL: CERTIFICATE_VERIFY_FAILED] certificate verify failed (_ssl.c:777)'),)': /api/v2/markets/eth-clp/ticker
2018-06-19 10:08:00 [WARNING] Retrying (Retry(total=2, connect=None, read=None, redirect=None, status=None)) after connection broken by 'SSLError(SSLError(1, '[SSL: CERTIFICATE_VERIFY_FAILED] certificate verify failed (_ssl.c:777)'),)': /api/v2/markets/eth-clp/ticker
2018-06-19 10:08:56 [WARNING] Retrying (Retry(total=2, connect=None, read=None, redirect=None, status=None)) after connection broken by 'SSLError(SSLError(1, '[SSL: CERTIFICATE_VERIFY_FAILED] certificate verify failed (_ssl.c:777)'),)': /api/v2/balances/ETH
2018-06-19 10:13:43 [WARNING] Retrying (Retry(total=2, connect=None, read=None, redirect=None, status=None)) after connection broken by 'SSLError(SSLError(1, '[SSL: CERTIFICATE_VERIFY_FAILED] certificate verify failed (_ssl.c:777)'),)': /api/v2/markets/eth-clp/ticker
2018-06-19 10:14:18 [WARNING] Retrying (Retry(total=2, connect=None, read=None, redirect=None, status=None)) after connection broken by 'SSLError(SSLError(1, '[SSL: CERTIFICATE_VERIFY_FAILED] certificate verify failed (_ssl.c:777)'),)': /api/v2/balances/ETH
2018-06-19 10:19:52 [WARNING] Retrying (Retry(total=2, connect=None, read=None, redirect=None, status=None)) after connection broken by 'SSLError(SSLError(1, '[SSL: CERTIFICATE_VERIFY_FAILED] certificate verify failed (_ssl.c:777)'),)': /api/v2/balances/ETH
2018-06-19 10:20:50 [INFO] | RESUMEN | 336215.45 | 350000.0 | 331027.0 | 338522.0 | 350000.0 |  | SELL | 
2018-06-19 10:21:08 [INFO] | RESUMEN | 336215.45 | 350000.0 | 331027.0 | 338522.0 | 338522.0 |  |  | 
2018-06-19 10:23:44 [WARNING] Retrying (Retry(total=2, connect=None, read=None, redirect=None, status=None)) after connection broken by 'SSLError(SSLError(1, '[SSL: CERTIFICATE_VERIFY_FAILED] certificate verify failed (_ssl.c:777)'),)': /api/v2/balances/ETH
2018-06-19 10:25:27 [WARNING] Retrying (Retry(total=2, connect=None, read=None, redirect=None, status=None)) after connection broken by 'SSLError(SSLError(1, '[SSL: CERTIFICATE_VERIFY_FAILED] certificate verify failed (_ssl.c:777)'),)': /api/v2/balances/ETH
2018-06-19 10:27:08 [WARNING] Retrying (Retry(total=2, connect=None, read=None, redirect=None, status=None)) after connection broken by 'SSLError(SSLError(1, '[SSL: CERTIFICATE_VERIFY_FAILED] certificate verify failed (_ssl.c:777)'),)': /api/v2/markets/eth-clp/ticker
2018-06-19 10:28:18 [WARNING] Retrying (Retry(total=2, connect=None, read=None, redirect=None, status=None)) after connection broken by 'SSLError(SSLError(1, '[SSL: CERTIFICATE_VERIFY_FAILED] certificate verify failed (_ssl.c:777)'),)': /api/v2/balances/ETH
2018-06-19 10:30:50 [WARNING] Retrying (Retry(total=2, connect=None, read=None, redirect=None, status=None)) after connection broken by 'SSLError(SSLError(1, '[SSL: CERTIFICATE_VERIFY_FAILED] certificate verify failed (_ssl.c:777)'),)': /api/v2/markets/eth-clp/ticker
2018-06-19 10:34:43 [WARNING] Retrying (Retry(total=2, connect=None, read=None, redirect=None, status=None)) after connection broken by 'SSLError(SSLError(1, '[SSL: CERTIFICATE_VERIFY_FAILED] certificate verify failed (_ssl.c:777)'),)': /api/v2/markets/eth-clp/ticker
2018-06-19 10:35:18 [WARNING] Retrying (Retry(total=2, connect=None, read=None, redirect=None, status=None)) after connection broken by 'SSLError(SSLError(1, '[SSL: CERTIFICATE_VERIFY_FAILED] certificate verify failed (_ssl.c:777)'),)': /api/v2/markets/eth-clp/ticker
2018-06-19 10:42:41 [WARNING] Retrying (Retry(total=2, connect=None, read=None, redirect=None, status=None)) after connection broken by 'SSLError(SSLError(1, '[SSL: CERTIFICATE_VERIFY_FAILED] certificate verify failed (_ssl.c:777)'),)': /api/v2/markets/eth-clp/ticker
2018-06-19 10:44:17 [WARNING] Retrying (Retry(total=2, connect=None, read=None, redirect=None, status=None)) after connection broken by 'SSLError(SSLError(1, '[SSL: CERTIFICATE_VERIFY_FAILED] certificate verify failed (_ssl.c:777)'),)': /api/v2/balances/ETH
2018-06-19 10:46:41 [WARNING] Retrying (Retry(total=2, connect=None, read=None, redirect=None, status=None)) after connection broken by 'SSLError(SSLError(1, '[SSL: CERTIFICATE_VERIFY_FAILED] certificate verify failed (_ssl.c:777)'),)': /api/v2/markets/eth-clp/ticker
2018-06-19 10:49:25 [WARNING] Retrying (Retry(total=2, connect=None, read=None, redirect=None, status=None)) after connection broken by 'SSLError(SSLError(1, '[SSL: CERTIFICATE_VERIFY_FAILED] certificate verify failed (_ssl.c:777)'),)': /api/v2/balances/ETH
2018-06-19 10:49:35 [WARNING] Retrying (Retry(total=2, connect=None, read=None, redirect=None, status=None)) after connection broken by 'SSLError(SSLError(1, '[SSL: CERTIFICATE_VERIFY_FAILED] certificate verify failed (_ssl.c:777)'),)': /api/v2/markets/eth-clp/ticker
2018-06-19 10:50:11 [WARNING] Retrying (Retry(total=2, connect=None, read=None, redirect=None, status=None)) after connection broken by 'SSLError(SSLError(1, '[SSL: CERTIFICATE_VERIFY_FAILED] certificate verify failed (_ssl.c:777)'),)': /api/v2/markets/eth-clp/ticker
2018-06-19 10:52:37 [WARNING] Retrying (Retry(total=2, connect=None, read=None, redirect=None, status=None)) after connection broken by 'SSLError(SSLError(1, '[SSL: CERTIFICATE_VERIFY_FAILED] certificate verify failed (_ssl.c:777)'),)': /api/v2/markets/eth-clp/ticker
2018-06-19 10:54:27 [INFO] | RESUMEN | 336215.45 | 350000.0 | 331027.0 | 349500.0 | 338522.0 | BUY |  | 
2018-06-19 10:54:44 [INFO] | RESUMEN | 336215.45 | 350000.0 | 331027.0 | 349500.0 | 349500.0 |  |  | 
2018-06-19 10:54:53 [WARNING] Retrying (Retry(total=2, connect=None, read=None, redirect=None, status=None)) after connection broken by 'SSLError(SSLError(1, '[SSL: CERTIFICATE_VERIFY_FAILED] certificate verify failed (_ssl.c:777)'),)': /api/v2/balances/ETH
2018-06-19 10:57:56 [INFO] | RESUMEN | 336215.45 | 350000.0 | 331027.0 | 333101.0 | 349500.0 |  | SELL | 
2018-06-19 10:58:45 [INFO] | RESUMEN | 336215.45 | 350000.0 | 331027.0 | 333101.0 | 333101.0 |  |  | 
2018-06-19 10:59:29 [WARNING] Retrying (Retry(total=2, connect=None, read=None, redirect=None, status=None)) after connection broken by 'SSLError(SSLError(1, '[SSL: CERTIFICATE_VERIFY_FAILED] certificate verify failed (_ssl.c:777)'),)': /api/v2/markets/eth-clp/ticker
2018-06-19 11:06:47 [WARNING] Retrying (Retry(total=2, connect=None, read=None, redirect=None, status=None)) after connection broken by 'SSLError(SSLError(1, '[SSL: CERTIFICATE_VERIFY_FAILED] certificate verify failed (_ssl.c:777)'),)': /api/v2/markets/eth-clp/ticker
2018-06-19 11:09:56 [WARNING] Retrying (Retry(total=2, connect=None, read=None, redirect=None, status=None)) after connection broken by 'ProtocolError('Connection aborted.', ConnectionResetError(10054, 'An existing connection was forcibly closed by the remote host', None, 10054, None))': /api/v2/balances/ETH
2018-06-19 11:12:48 [WARNING] Retrying (Retry(total=2, connect=None, read=None, redirect=None, status=None)) after connection broken by 'SSLError(SSLError(1, '[SSL: CERTIFICATE_VERIFY_FAILED] certificate verify failed (_ssl.c:777)'),)': /api/v2/balances/ETH
2018-06-19 11:15:19 [WARNING] Retrying (Retry(total=2, connect=None, read=None, redirect=None, status=None)) after connection broken by 'SSLError(SSLError(1, '[SSL: CERTIFICATE_VERIFY_FAILED] certificate verify failed (_ssl.c:777)'),)': /api/v2/balances/ETH
2018-06-19 11:18:28 [WARNING] Retrying (Retry(total=2, connect=None, read=None, redirect=None, status=None)) after connection broken by 'SSLError(SSLError(1, '[SSL: CERTIFICATE_VERIFY_FAILED] certificate verify failed (_ssl.c:777)'),)': /api/v2/balances/ETH
2018-06-19 11:20:27 [WARNING] Retrying (Retry(total=2, connect=None, read=None, redirect=None, status=None)) after connection broken by 'SSLError(SSLError(1, '[SSL: CERTIFICATE_VERIFY_FAILED] certificate verify failed (_ssl.c:777)'),)': /api/v2/markets/eth-clp/ticker
2018-06-19 11:21:42 [WARNING] Retrying (Retry(total=2, connect=None, read=None, redirect=None, status=None)) after connection broken by 'SSLError(SSLError(1, '[SSL: CERTIFICATE_VERIFY_FAILED] certificate verify failed (_ssl.c:777)'),)': /api/v2/markets/eth-clp/ticker
2018-06-19 11:23:26 [WARNING] Retrying (Retry(total=2, connect=None, read=None, redirect=None, status=None)) after connection broken by 'SSLError(SSLError(1, '[SSL: CERTIFICATE_VERIFY_FAILED] certificate verify failed (_ssl.c:777)'),)': /api/v2/balances/ETH
2018-06-19 11:24:27 [WARNING] Retrying (Retry(total=2, connect=None, read=None, redirect=None, status=None)) after connection broken by 'SSLError(SSLError(1, '[SSL: CERTIFICATE_VERIFY_FAILED] certificate verify failed (_ssl.c:777)'),)': /api/v2/balances/ETH
2018-06-19 11:26:00 [WARNING] Retrying (Retry(total=2, connect=None, read=None, redirect=None, status=None)) after connection broken by 'SSLError(SSLError(1, '[SSL: CERTIFICATE_VERIFY_FAILED] certificate verify failed (_ssl.c:777)'),)': /api/v2/markets/eth-clp/ticker
2018-06-19 11:31:00 [WARNING] Retrying (Retry(total=2, connect=None, read=None, redirect=None, status=None)) after connection broken by 'SSLError(SSLError(1, '[SSL: CERTIFICATE_VERIFY_FAILED] certificate verify failed (_ssl.c:777)'),)': /api/v2/balances/ETH
2018-06-19 11:32:20 [WARNING] Retrying (Retry(total=2, connect=None, read=None, redirect=None, status=None)) after connection broken by 'SSLError(SSLError(1, '[SSL: CERTIFICATE_VERIFY_FAILED] certificate verify failed (_ssl.c:777)'),)': /api/v2/balances/ETH
2018-06-19 11:32:28 [WARNING] Retrying (Retry(total=2, connect=None, read=None, redirect=None, status=None)) after connection broken by 'SSLError(SSLError(1, '[SSL: CERTIFICATE_VERIFY_FAILED] certificate verify failed (_ssl.c:777)'),)': /api/v2/balances/ETH
2018-06-19 11:33:25 [WARNING] Retrying (Retry(total=2, connect=None, read=None, redirect=None, status=None)) after connection broken by 'SSLError(SSLError(1, '[SSL: CERTIFICATE_VERIFY_FAILED] certificate verify failed (_ssl.c:777)'),)': /api/v2/markets/eth-clp/ticker
2018-06-19 11:35:45 [WARNING] Retrying (Retry(total=2, connect=None, read=None, redirect=None, status=None)) after connection broken by 'SSLError(SSLError(1, '[SSL: CERTIFICATE_VERIFY_FAILED] certificate verify failed (_ssl.c:777)'),)': /api/v2/markets/eth-clp/ticker
2018-06-19 11:38:00 [WARNING] Retrying (Retry(total=2, connect=None, read=None, redirect=None, status=None)) after connection broken by 'SSLError(SSLError(1, '[SSL: CERTIFICATE_VERIFY_FAILED] certificate verify failed (_ssl.c:777)'),)': /api/v2/balances/ETH
2018-06-19 11:39:58 [WARNING] Retrying (Retry(total=2, connect=None, read=None, redirect=None, status=None)) after connection broken by 'SSLError(SSLError(1, '[SSL: CERTIFICATE_VERIFY_FAILED] certificate verify failed (_ssl.c:777)'),)': /api/v2/markets/eth-clp/ticker
2018-06-19 11:41:06 [WARNING] Retrying (Retry(total=2, connect=None, read=None, redirect=None, status=None)) after connection broken by 'SSLError(SSLError(1, '[SSL: CERTIFICATE_VERIFY_FAILED] certificate verify failed (_ssl.c:777)'),)': /api/v2/balances/ETH
2018-06-19 11:47:24 [INFO] | RESUMEN | 336215.45 | 350000.0 | 331027.0 | 332072.82 | 333101.0 |  | SELL | 
2018-06-19 11:47:49 [INFO] | RESUMEN | 336215.45 | 350000.0 | 331027.0 | 332072.82 | 332072.82 |  |  | 
2018-06-19 11:49:37 [WARNING] Retrying (Retry(total=2, connect=None, read=None, redirect=None, status=None)) after connection broken by 'SSLError(SSLError(1, '[SSL: CERTIFICATE_VERIFY_FAILED] certificate verify failed (_ssl.c:777)'),)': /api/v2/balances/ETH
2018-06-19 11:57:26 [WARNING] Retrying (Retry(total=2, connect=None, read=None, redirect=None, status=None)) after connection broken by 'SSLError(SSLError(1, '[SSL: CERTIFICATE_VERIFY_FAILED] certificate verify failed (_ssl.c:777)'),)': /api/v2/balances/ETH
2018-06-19 11:59:31 [WARNING] Retrying (Retry(total=2, connect=None, read=None, redirect=None, status=None)) after connection broken by 'SSLError(SSLError(1, '[SSL: CERTIFICATE_VERIFY_FAILED] certificate verify failed (_ssl.c:777)'),)': /api/v2/balances/ETH
2018-06-19 12:04:09 [WARNING] Retrying (Retry(total=2, connect=None, read=None, redirect=None, status=None)) after connection broken by 'SSLError(SSLError(1, '[SSL: CERTIFICATE_VERIFY_FAILED] certificate verify failed (_ssl.c:777)'),)': /api/v2/markets/eth-clp/ticker
2018-06-19 12:05:58 [WARNING] Retrying (Retry(total=2, connect=None, read=None, redirect=None, status=None)) after connection broken by 'SSLError(SSLError(1, '[SSL: CERTIFICATE_VERIFY_FAILED] certificate verify failed (_ssl.c:777)'),)': /api/v2/balances/ETH
2018-06-19 12:06:34 [WARNING] Retrying (Retry(total=2, connect=None, read=None, redirect=None, status=None)) after connection broken by 'SSLError(SSLError(1, '[SSL: CERTIFICATE_VERIFY_FAILED] certificate verify failed (_ssl.c:777)'),)': /api/v2/markets/eth-clp/ticker
2018-06-19 12:08:15 [WARNING] Retrying (Retry(total=2, connect=None, read=None, redirect=None, status=None)) after connection broken by 'SSLError(SSLError(1, '[SSL: CERTIFICATE_VERIFY_FAILED] certificate verify failed (_ssl.c:777)'),)': /api/v2/markets/eth-clp/ticker
2018-06-19 12:10:01 [WARNING] Retrying (Retry(total=2, connect=None, read=None, redirect=None, status=None)) after connection broken by 'SSLError(SSLError(1, '[SSL: CERTIFICATE_VERIFY_FAILED] certificate verify failed (_ssl.c:777)'),)': /api/v2/markets/eth-clp/ticker
2018-06-19 12:20:43 [WARNING] Retrying (Retry(total=2, connect=None, read=None, redirect=None, status=None)) after connection broken by 'SSLError(SSLError(1, '[SSL: CERTIFICATE_VERIFY_FAILED] certificate verify failed (_ssl.c:777)'),)': /api/v2/markets/eth-clp/ticker
2018-06-19 12:26:59 [WARNING] Retrying (Retry(total=2, connect=None, read=None, redirect=None, status=None)) after connection broken by 'SSLError(SSLError(1, '[SSL: CERTIFICATE_VERIFY_FAILED] certificate verify failed (_ssl.c:777)'),)': /api/v2/markets/eth-clp/ticker
2018-06-19 12:28:54 [WARNING] Retrying (Retry(total=2, connect=None, read=None, redirect=None, status=None)) after connection broken by 'SSLError(SSLError(1, '[SSL: CERTIFICATE_VERIFY_FAILED] certificate verify failed (_ssl.c:777)'),)': /api/v2/balances/ETH
2018-06-19 12:29:44 [INFO] | RESUMEN | 336215.45 | 350000.0 | 329646.0 | 329646.0 | 332072.82 |  | SELL | 
2018-06-19 12:30:40 [INFO] | RESUMEN | 336215.45 | 350000.0 | 329646.0 | 329646.0 | 329646.0 |  |  | 
2018-06-19 12:40:02 [WARNING] Retrying (Retry(total=2, connect=None, read=None, redirect=None, status=None)) after connection broken by 'SSLError(SSLError(1, '[SSL: CERTIFICATE_VERIFY_FAILED] certificate verify failed (_ssl.c:777)'),)': /api/v2/markets/eth-clp/ticker
2018-06-19 12:41:53 [WARNING] Retrying (Retry(total=2, connect=None, read=None, redirect=None, status=None)) after connection broken by 'SSLError(SSLError(1, '[SSL: CERTIFICATE_VERIFY_FAILED] certificate verify failed (_ssl.c:777)'),)': /api/v2/balances/ETH
2018-06-19 12:43:31 [INFO] | RESUMEN | 336215.45 | 350000.0 | 329646.0 | 341260.0 | 329646.0 | BUY |  | 
2018-06-19 12:43:54 [INFO] | RESUMEN | 336215.45 | 350000.0 | 329646.0 | 341260.0 | 341260.0 |  |  | 
2018-06-19 12:46:43 [WARNING] Retrying (Retry(total=2, connect=None, read=None, redirect=None, status=None)) after connection broken by 'SSLError(SSLError(1, '[SSL: CERTIFICATE_VERIFY_FAILED] certificate verify failed (_ssl.c:777)'),)': /api/v2/balances/ETH
2018-06-19 12:50:56 [WARNING] Retrying (Retry(total=2, connect=None, read=None, redirect=None, status=None)) after connection broken by 'SSLError(SSLError(1, '[SSL: CERTIFICATE_VERIFY_FAILED] certificate verify failed (_ssl.c:777)'),)': /api/v2/markets/eth-clp/ticker
2018-06-19 12:52:03 [INFO] | RESUMEN | 336215.45 | 350000.0 | 329646.0 | 341260.0 | 329795.77 |  |  | 
2018-06-19 12:52:06 [INFO] | RESUMEN | 336215.45 | 350000.0 | 329646.0 | 329795.77 | 329795.77 |  | SELL | 
2018-06-19 12:54:04 [WARNING] Retrying (Retry(total=2, connect=None, read=None, redirect=None, status=None)) after connection broken by 'ProtocolError('Connection aborted.', ConnectionResetError(10054, 'An existing connection was forcibly closed by the remote host', None, 10054, None))': /api/v2/balances/ETH
2018-06-19 12:54:10 [WARNING] Retrying (Retry(total=2, connect=None, read=None, redirect=None, status=None)) after connection broken by 'SSLError(SSLError(1, '[SSL: CERTIFICATE_VERIFY_FAILED] certificate verify failed (_ssl.c:777)'),)': /api/v2/markets/eth-clp/ticker
