2018-06-03 16:08:59 [INFO] | | OPEN | HIGH | LOW | CLOSE | LAST PRICE | VAL BUY | VAL SELL |
2018-06-03 16:08:59 [INFO] | RESUMEN | 373069.0 | 398737.0 | 373057.0 | 391576.9 | 391576.9 | 384203.0 | 391573.9 |
2018-06-03 16:13:11 [INFO] | RESUMEN | 373069.0 | 398737.0 | 373057.0 | 391576.9 | 391576.9 | 384203.0 | 391572.9 |
2018-06-03 16:15:13 [INFO] | RESUMEN | 373069.0 | 398737.0 | 373057.0 | 391576.9 | 391576.9 | 384203.0 | 391571.0 |
2018-06-03 16:16:16 [INFO] | RESUMEN | 373069.0 | 398737.0 | 373057.0 | 391576.9 | 391576.9 | 384203.0 | 391569.9 |
2018-06-03 16:17:20 [INFO] | RESUMEN | 373069.0 | 398737.0 | 373057.0 | 391576.9 | 391576.9 | 384203.0 | 391568.9 |
2018-06-03 16:20:23 [INFO] | RESUMEN | 373069.0 | 398737.0 | 373057.0 | 391576.9 | 391576.9 | 384203.0 | 391564.8 |
2018-06-03 16:21:24 [INFO] | RESUMEN | 373069.0 | 398737.0 | 373057.0 | 391576.9 | 391576.9 | 384203.0 | 391570.0 |
2018-06-03 16:22:26 [INFO] | RESUMEN | 373069.0 | 398737.0 | 373057.0 | 391576.9 | 391576.9 | 384203.0 | 391568.9 |
2018-06-03 16:25:34 [INFO] | RESUMEN | 373069.0 | 398737.0 | 373057.0 | 391576.9 | 391576.9 | 384203.0 | 391567.8 |
2018-06-03 16:26:36 [INFO] | RESUMEN | 373069.0 | 398737.0 | 373057.0 | 391576.9 | 391576.9 | 384203.0 | 391568.9 |
2018-06-03 16:27:39 [INFO] | RESUMEN | 373069.0 | 398737.0 | 373057.0 | 391576.9 | 391576.9 | 384203.0 | 391567.8 |
2018-06-03 16:28:41 [INFO] | RESUMEN | 373069.0 | 398737.0 | 373057.0 | 391576.9 | 391576.9 | 384203.0 | 391569.9 |
2018-06-03 16:29:19 [INFO] | RESUMEN | 373069.0 | 398737.0 | 373057.0 | 393068.0 | 391576.9 | 384203.0 | 391569.9 |
2018-06-03 16:29:43 [INFO] | RESUMEN | 373069.0 | 398737.0 | 373057.0 | 393068.0 | 393068.0 | 384205.1 | 393966.0 |
2018-06-03 16:30:42 [INFO] | RESUMEN | 373069.0 | 398737.0 | 373057.0 | 393068.0 | 393068.0 | 384204.1 | 393966.0 |
2018-06-03 16:31:45 [INFO] | RESUMEN | 373069.0 | 398737.0 | 373057.0 | 393068.0 | 393068.0 | 384205.1 | 393966.0 |
2018-06-03 16:33:49 [INFO] | RESUMEN | 373069.0 | 398737.0 | 373057.0 | 393068.0 | 393068.0 | 384204.1 | 393966.0 |
2018-06-03 16:34:52 [INFO] | RESUMEN | 373069.0 | 398737.0 | 373057.0 | 393068.0 | 393068.0 | 384206.19 | 393966.0 |
2018-06-03 16:35:53 [INFO] | RESUMEN | 373069.0 | 398737.0 | 373057.0 | 393068.0 | 393068.0 | 384204.0 | 393966.0 |
2018-06-03 16:36:56 [INFO] | RESUMEN | 373069.0 | 398737.0 | 373057.0 | 393068.0 | 393068.0 | 384093.56 | 393966.0 |
2018-06-03 16:37:27 [INFO] | RESUMEN | 373069.0 | 398737.0 | 373057.0 | 393966.0 | 393068.0 | 384093.56 | 393966.0 |
2018-06-03 16:37:40 [INFO] | RESUMEN | 373069.0 | 398737.0 | 373057.0 | 394278.0 | 393068.0 | 384093.56 | 393966.0 |
2018-06-03 16:37:57 [INFO] | RESUMEN | 373069.0 | 398737.0 | 373057.0 | 394278.0 | 394278.0 | 384095.66 | 394278.94 |
2018-06-03 16:38:59 [INFO] | RESUMEN | 373069.0 | 398737.0 | 373057.0 | 394278.0 | 394278.0 | 384097.75 | 394278.94 |
2018-06-03 16:40:01 [INFO] | RESUMEN | 373069.0 | 398737.0 | 373057.0 | 394278.0 | 394278.0 | 384094.56 | 394278.94 |
2018-06-03 16:41:03 [INFO] | RESUMEN | 373069.0 | 398737.0 | 373057.0 | 394278.0 | 394278.0 | 384504.13 | 394278.94 |
2018-06-03 16:42:02 [INFO] | RESUMEN | 373069.0 | 398737.0 | 373057.0 | 394278.0 | 394278.0 | 384507.23 | 394278.94 |
2018-06-03 16:43:03 [INFO] | RESUMEN | 373069.0 | 398737.0 | 373057.0 | 394278.0 | 394278.0 | 384509.32 | 394278.94 |
2018-06-03 16:44:04 [INFO] | RESUMEN | 373069.0 | 398737.0 | 373057.0 | 394278.0 | 394278.0 | 384512.51 | 394278.94 |
2018-06-03 16:45:06 [INFO] | RESUMEN | 373069.0 | 398737.0 | 373057.0 | 394278.0 | 394278.0 | 384513.51 | 394278.94 |
2018-06-03 16:46:08 [INFO] | RESUMEN | 373069.0 | 398737.0 | 373057.0 | 394278.0 | 394278.0 | 384505.13 | 394278.94 |
2018-06-03 16:47:09 [INFO] | RESUMEN | 373069.0 | 398737.0 | 373057.0 | 394278.0 | 394278.0 | 384506.23 | 394278.94 |
2018-06-03 16:48:12 [INFO] | RESUMEN | 373069.0 | 398737.0 | 373057.0 | 394278.0 | 394278.0 | 384508.32 | 394279.94 |
2018-06-03 16:49:14 [INFO] | RESUMEN | 373069.0 | 398737.0 | 373057.0 | 394278.0 | 394278.0 | 384510.42 | 394279.94 |
2018-06-03 16:50:14 [INFO] | RESUMEN | 373069.0 | 398737.0 | 373057.0 | 394278.0 | 394278.0 | 385713.49 | 394279.94 |
2018-06-03 16:50:53 [INFO] | RESUMEN | 373069.0 | 398737.0 | 373057.0 | 385713.49 | 394278.0 | 385713.49 | 394279.94 |
2018-06-03 16:51:17 [INFO] | RESUMEN | 373069.0 | 398737.0 | 373057.0 | 385713.49 | 385713.49 | 385714.58 | 394277.94 |
2018-06-03 16:55:43 [INFO] | RESUMEN | 373069.0 | 398737.0 | 373057.0 | 385713.49 | 385713.49 | 385627.87 | 394277.94 |
2018-06-03 16:56:44 [INFO] | RESUMEN | 373069.0 | 398737.0 | 373057.0 | 385713.49 | 385713.49 | 385628.97 | 394277.94 |
2018-06-03 16:59:44 [INFO] | RESUMEN | 373069.0 | 398737.0 | 373057.0 | 385713.49 | 385713.49 | 386345.14 | 394277.94 |
2018-06-03 17:18:21 [INFO] | RESUMEN | 373069.0 | 398737.0 | 373057.0 | 385713.49 | 385713.49 | 386039.25 | 394277.94 |
2018-06-03 17:21:32 [INFO] | RESUMEN | 373069.0 | 398737.0 | 373057.0 | 385713.49 | 385713.49 | 386039.25 | 394275.94 |
2018-06-03 17:57:36 [INFO] | RESUMEN | 373069.0 | 398737.0 | 373057.0 | 385713.49 | 385713.49 | 385154.41 | 394275.94 |
2018-06-03 18:01:43 [INFO] | RESUMEN | 373069.0 | 398737.0 | 373057.0 | 385713.49 | 385713.49 | 385102.31 | 394275.94 |
2018-06-03 18:04:22 [INFO] | RESUMEN | 373069.0 | 398737.0 | 373057.0 | 385101.22 | 385713.49 | 385102.31 | 394275.94 |
2018-06-03 18:04:46 [INFO] | RESUMEN | 373069.0 | 398737.0 | 373057.0 | 385101.22 | 385101.22 | 385101.22 | 394273.84 |
2018-06-03 18:05:45 [INFO] | RESUMEN | 373069.0 | 398737.0 | 373057.0 | 385101.22 | 385101.22 | 385101.22 | 394274.9 |
2018-06-03 18:06:48 [INFO] | RESUMEN | 373069.0 | 398737.0 | 373057.0 | 385101.22 | 385101.22 | 385101.22 | 394273.8 |
2018-06-03 18:07:51 [INFO] | RESUMEN | 373069.0 | 398737.0 | 373057.0 | 385101.22 | 385101.22 | 385101.22 | 394273.9 |
2018-06-03 18:08:55 [INFO] | RESUMEN | 373069.0 | 398737.0 | 373057.0 | 385101.22 | 385101.22 | 385101.22 | 394270.7 |
2018-06-03 18:10:58 [INFO] | RESUMEN | 373069.0 | 398737.0 | 373057.0 | 385101.22 | 385101.22 | 385101.22 | 394267.6 |
2018-06-03 18:12:00 [INFO] | RESUMEN | 373069.0 | 398737.0 | 373057.0 | 385101.22 | 385101.22 | 385101.22 | 394274.9 |
2018-06-03 18:13:03 [INFO] | RESUMEN | 373069.0 | 398737.0 | 373057.0 | 385101.22 | 385101.22 | 385101.22 | 394276.0 |
2018-06-03 18:14:03 [INFO] | RESUMEN | 373069.0 | 398737.0 | 373057.0 | 385101.22 | 385101.22 | 385101.22 | 394269.7 |
2018-06-03 18:15:05 [INFO] | RESUMEN | 373069.0 | 398737.0 | 373057.0 | 385101.22 | 385101.22 | 385101.22 | 394266.5 |
2018-06-03 18:16:07 [INFO] | RESUMEN | 373069.0 | 398737.0 | 373057.0 | 385101.22 | 385101.22 | 385101.22 | 394263.4 |
2018-06-03 18:17:07 [INFO] | RESUMEN | 373069.0 | 398737.0 | 373057.0 | 385101.22 | 385101.22 | 385101.22 | 394260.3 |
2018-06-03 18:18:09 [INFO] | RESUMEN | 373069.0 | 398737.0 | 373057.0 | 385101.22 | 385101.22 | 385101.22 | 394259.3 |
2018-06-03 18:19:12 [INFO] | RESUMEN | 373069.0 | 398737.0 | 373057.0 | 385101.22 | 385101.22 | 385101.22 | 394273.9 |
2018-06-03 18:20:11 [INFO] | RESUMEN | 373069.0 | 398737.0 | 373057.0 | 385101.22 | 385101.22 | 385101.22 | 394269.7 |
2018-06-03 18:21:14 [INFO] | RESUMEN | 373069.0 | 398737.0 | 373057.0 | 385101.22 | 385101.22 | 385101.22 | 394268.7 |
2018-06-03 18:22:17 [INFO] | RESUMEN | 373069.0 | 398737.0 | 373057.0 | 385101.22 | 385101.22 | 385102.0 | 394265.5 |
2018-06-03 18:23:16 [INFO] | RESUMEN | 373069.0 | 398737.0 | 373057.0 | 385101.22 | 385101.22 | 385102.0 | 394261.4 |
2018-06-03 18:24:17 [INFO] | RESUMEN | 373069.0 | 398737.0 | 373057.0 | 385101.22 | 385101.22 | 385102.0 | 394259.3 |
2018-06-03 18:25:20 [INFO] | RESUMEN | 373069.0 | 398737.0 | 373057.0 | 385101.22 | 385101.22 | 385102.0 | 394258.3 |
2018-06-03 18:26:22 [INFO] | RESUMEN | 373069.0 | 398737.0 | 373057.0 | 385101.22 | 385101.22 | 385102.0 | 394255.1 |
2018-06-03 18:27:25 [INFO] | RESUMEN | 373069.0 | 398737.0 | 373057.0 | 385101.22 | 385101.22 | 385102.0 | 394253.0 |
2018-06-03 18:28:28 [INFO] | RESUMEN | 373069.0 | 398737.0 | 373057.0 | 385101.22 | 385101.22 | 385102.0 | 394253.1 |
2018-06-03 18:29:30 [INFO] | RESUMEN | 373069.0 | 398737.0 | 373057.0 | 385101.22 | 385101.22 | 385102.0 | 394249.9 |
2018-06-03 18:30:33 [INFO] | RESUMEN | 373069.0 | 398737.0 | 373057.0 | 385101.22 | 385101.22 | 385102.0 | 394247.9 |
2018-06-03 18:31:36 [INFO] | RESUMEN | 373069.0 | 398737.0 | 373057.0 | 385101.22 | 385101.22 | 385102.0 | 394243.7 |
2018-06-03 18:32:35 [INFO] | RESUMEN | 373069.0 | 398737.0 | 373057.0 | 385101.22 | 385101.22 | 385102.0 | 394239.6 |
2018-06-03 18:33:35 [INFO] | RESUMEN | 373069.0 | 398737.0 | 373057.0 | 385101.22 | 385101.22 | 385102.0 | 394236.4 |
2018-06-03 18:34:39 [INFO] | RESUMEN | 373069.0 | 398737.0 | 373057.0 | 385101.22 | 385101.22 | 385102.0 | 394232.3 |
2018-06-03 18:35:41 [INFO] | RESUMEN | 373069.0 | 398737.0 | 373057.0 | 385101.22 | 385101.22 | 385102.0 | 394230.2 |
2018-06-03 18:36:43 [INFO] | RESUMEN | 373069.0 | 398737.0 | 373057.0 | 385101.22 | 385101.22 | 385102.0 | 394228.2 |
2018-06-03 18:37:43 [INFO] | RESUMEN | 373069.0 | 398737.0 | 373057.0 | 385101.22 | 385101.22 | 385102.0 | 394225.0 |
2018-06-03 18:38:44 [INFO] | RESUMEN | 373069.0 | 398737.0 | 373057.0 | 385101.22 | 385101.22 | 385102.0 | 394221.9 |
2018-06-03 18:39:48 [INFO] | RESUMEN | 373069.0 | 398737.0 | 373057.0 | 385101.22 | 385101.22 | 385102.0 | 394218.8 |
2018-06-03 18:40:51 [INFO] | RESUMEN | 373069.0 | 398737.0 | 373057.0 | 385101.22 | 385101.22 | 385102.0 | 394217.7 |
2018-06-03 18:41:52 [INFO] | RESUMEN | 373069.0 | 398737.0 | 373057.0 | 385101.22 | 385101.22 | 385102.0 | 394213.0 |
2018-06-03 18:42:53 [INFO] | RESUMEN | 373069.0 | 398737.0 | 373057.0 | 385101.22 | 385101.22 | 385102.0 | 394209.9 |
2018-06-03 18:43:54 [INFO] | RESUMEN | 373069.0 | 398737.0 | 373057.0 | 385101.22 | 385101.22 | 385102.0 | 394204.9 |
2018-06-03 18:44:57 [INFO] | RESUMEN | 373069.0 | 398737.0 | 373057.0 | 385101.22 | 385101.22 | 385102.0 | 394201.8 |
2018-06-03 18:45:35 [INFO] | RESUMEN | 373069.0 | 398737.0 | 373057.0 | 394199.0 | 385101.22 | 385102.0 | 394201.8 |
2018-06-03 18:45:56 [INFO] | RESUMEN | 373069.0 | 398737.0 | 373057.0 | 394199.0 | 394199.0 | 385102.0 | 394196.9 |
2018-06-03 18:46:56 [INFO] | RESUMEN | 373069.0 | 398737.0 | 373057.0 | 394199.0 | 394199.0 | 385102.0 | 394194.8 |
2018-06-03 18:47:59 [INFO] | RESUMEN | 373069.0 | 398737.0 | 373057.0 | 394199.0 | 394199.0 | 385102.0 | 394199.0 |
2018-06-03 18:48:58 [INFO] | RESUMEN | 373069.0 | 398737.0 | 373057.0 | 394199.0 | 394199.0 | 385102.0 | 394197.9 |
2018-06-03 18:49:59 [INFO] | RESUMEN | 373069.0 | 398737.0 | 373057.0 | 394199.0 | 394199.0 | 385102.0 | 394198.9 |
2018-06-03 18:51:01 [INFO] | RESUMEN | 373069.0 | 398737.0 | 373057.0 | 394199.0 | 394199.0 | 385102.0 | 394195.8 |
2018-06-03 18:52:01 [INFO] | RESUMEN | 373069.0 | 398737.0 | 373057.0 | 394199.0 | 394199.0 | 385102.0 | 394187.9 |
2018-06-03 18:54:04 [INFO] | RESUMEN | 373069.0 | 398737.0 | 373057.0 | 394199.0 | 394199.0 | 385102.0 | 394181.7 |
2018-06-03 18:55:03 [INFO] | RESUMEN | 373069.0 | 398737.0 | 373057.0 | 394199.0 | 394199.0 | 385102.0 | 394186.9 |
2018-06-03 18:56:05 [INFO] | RESUMEN | 373069.0 | 398737.0 | 373057.0 | 394199.0 | 394199.0 | 385102.0 | 394182.7 |
2018-06-03 18:57:07 [INFO] | RESUMEN | 373069.0 | 398737.0 | 373057.0 | 394199.0 | 394199.0 | 385102.0 | 394180.7 |
2018-06-03 18:58:10 [INFO] | RESUMEN | 373069.0 | 398737.0 | 373057.0 | 394199.0 | 394199.0 | 385102.0 | 394097.9 |
2018-06-03 18:59:08 [INFO] | RESUMEN | 373069.0 | 398737.0 | 373057.0 | 394199.0 | 394199.0 | 385102.0 | 394096.9 |
2018-06-03 19:00:11 [INFO] | RESUMEN | 373069.0 | 398737.0 | 373057.0 | 394199.0 | 394199.0 | 385102.0 | 394094.0 |
2018-06-03 19:01:12 [INFO] | RESUMEN | 373069.0 | 398737.0 | 373057.0 | 394199.0 | 394199.0 | 385102.0 | 394091.9 |
2018-06-03 19:02:14 [INFO] | RESUMEN | 373069.0 | 398737.0 | 373057.0 | 394199.0 | 394199.0 | 385102.0 | 394086.7 |
2018-06-03 19:03:17 [INFO] | RESUMEN | 373069.0 | 398737.0 | 373057.0 | 394199.0 | 394199.0 | 385200.0 | 394082.6 |
2018-06-03 19:04:20 [INFO] | RESUMEN | 373069.0 | 398737.0 | 373057.0 | 394199.0 | 394199.0 | 385200.0 | 394093.0 |
2018-06-03 19:05:21 [INFO] | RESUMEN | 373069.0 | 398737.0 | 373057.0 | 394199.0 | 394199.0 | 385200.0 | 394088.8 |
2018-06-03 19:06:22 [INFO] | RESUMEN | 373069.0 | 398737.0 | 373057.0 | 394199.0 | 394199.0 | 385200.0 | 394093.0 |
2018-06-03 19:07:22 [INFO] | RESUMEN | 373069.0 | 398737.0 | 373057.0 | 394199.0 | 394199.0 | 385200.0 | 394092.0 |
2018-06-03 19:08:25 [INFO] | RESUMEN | 373069.0 | 398737.0 | 373057.0 | 394199.0 | 394199.0 | 385200.0 | 394086.9 |
2018-06-03 19:09:28 [INFO] | RESUMEN | 373069.0 | 398737.0 | 373057.0 | 394199.0 | 394199.0 | 385200.0 | 394082.8 |
2018-06-03 19:10:26 [INFO] | RESUMEN | 373069.0 | 398737.0 | 373057.0 | 394199.0 | 394199.0 | 385200.0 | 394081.8 |
2018-06-03 19:11:28 [INFO] | RESUMEN | 373069.0 | 398737.0 | 373057.0 | 394199.0 | 394199.0 | 385200.0 | 394078.6 |
2018-06-03 19:13:30 [INFO] | RESUMEN | 373069.0 | 398737.0 | 373057.0 | 394199.0 | 394199.0 | 385200.0 | 394085.9 |
2018-06-03 19:14:33 [INFO] | RESUMEN | 373069.0 | 398737.0 | 373057.0 | 394199.0 | 394199.0 | 385200.0 | 394086.9 |
2018-06-03 19:15:33 [INFO] | RESUMEN | 373069.0 | 398737.0 | 373057.0 | 394199.0 | 394199.0 | 385200.0 | 394083.0 |
2018-06-03 19:16:33 [INFO] | RESUMEN | 373069.0 | 398737.0 | 373057.0 | 394199.0 | 394199.0 | 385200.0 | 394079.9 |
2018-06-03 19:17:35 [INFO] | RESUMEN | 373069.0 | 398737.0 | 373057.0 | 394199.0 | 394199.0 | 385200.0 | 394075.7 |
2018-06-03 19:18:34 [INFO] | RESUMEN | 373069.0 | 398737.0 | 373057.0 | 394199.0 | 394199.0 | 385200.0 | 394073.7 |
2018-06-03 19:19:35 [INFO] | RESUMEN | 373069.0 | 398737.0 | 373057.0 | 394199.0 | 394199.0 | 385200.0 | 394071.6 |
2018-06-03 19:20:35 [INFO] | RESUMEN | 373069.0 | 398737.0 | 373057.0 | 394199.0 | 394199.0 | 385200.0 | 394080.9 |
2018-06-03 19:21:38 [INFO] | RESUMEN | 373069.0 | 398737.0 | 373057.0 | 394199.0 | 394199.0 | 385200.0 | 394070.0 |
2018-06-03 19:22:37 [INFO] | RESUMEN | 373069.0 | 398737.0 | 373057.0 | 394199.0 | 394199.0 | 385200.0 | 394066.8 |
2018-06-03 19:23:39 [INFO] | RESUMEN | 373069.0 | 398737.0 | 373057.0 | 394199.0 | 394199.0 | 385200.0 | 394062.9 |
2018-06-03 19:25:43 [INFO] | RESUMEN | 373069.0 | 398737.0 | 373057.0 | 394199.0 | 394199.0 | 385200.0 | 394061.8 |
2018-06-03 19:26:47 [INFO] | RESUMEN | 373069.0 | 398737.0 | 373057.0 | 394199.0 | 394199.0 | 385200.0 | 394062.9 |
2018-06-03 19:27:45 [INFO] | RESUMEN | 373069.0 | 398737.0 | 373057.0 | 394199.0 | 394199.0 | 385200.0 | 394065.0 |
2018-06-03 19:28:47 [INFO] | RESUMEN | 373069.0 | 398737.0 | 373057.0 | 394199.0 | 394199.0 | 385201.0 | 394061.8 |
2018-06-03 19:33:54 [INFO] | RESUMEN | 373069.0 | 398737.0 | 373057.0 | 394199.0 | 394199.0 | 385201.0 | 394060.8 |
2018-06-03 19:35:56 [INFO] | RESUMEN | 373069.0 | 398737.0 | 373057.0 | 394199.0 | 394199.0 | 385201.0 | 394061.8 |
2018-06-03 19:38:01 [INFO] | RESUMEN | 373069.0 | 398737.0 | 373057.0 | 394199.0 | 394199.0 | 385211.0 | 394050.8 |
2018-06-03 19:39:02 [INFO] | RESUMEN | 373069.0 | 398737.0 | 373057.0 | 394199.0 | 394199.0 | 385211.0 | 394039.8 |
2018-06-03 19:40:02 [INFO] | RESUMEN | 373069.0 | 398737.0 | 373057.0 | 394199.0 | 394199.0 | 385211.0 | 394038.8 |
2018-06-03 19:41:06 [INFO] | RESUMEN | 373069.0 | 398737.0 | 373057.0 | 394199.0 | 394199.0 | 385200.0 | 394038.8 |
2018-06-03 19:42:06 [INFO] | RESUMEN | 373069.0 | 398737.0 | 373057.0 | 394199.0 | 394199.0 | 385210.0 | 394038.8 |
2018-06-03 19:43:10 [INFO] | RESUMEN | 373069.0 | 398737.0 | 373057.0 | 394199.0 | 394199.0 | 385210.0 | 394027.8 |
2018-06-03 19:44:11 [INFO] | RESUMEN | 373069.0 | 398737.0 | 373057.0 | 394199.0 | 394199.0 | 385210.0 | 394016.8 |
2018-06-03 19:45:14 [INFO] | RESUMEN | 373069.0 | 398737.0 | 373057.0 | 394199.0 | 394199.0 | 385200.0 | 394016.8 |
2018-06-03 19:46:14 [INFO] | RESUMEN | 373069.0 | 398737.0 | 373057.0 | 394199.0 | 394199.0 | 385210.0 | 394005.8 |
2018-06-03 19:47:17 [INFO] | RESUMEN | 373069.0 | 398737.0 | 373057.0 | 394199.0 | 394199.0 | 385210.0 | 393995.8 |
2018-06-03 19:48:17 [INFO] | RESUMEN | 373069.0 | 398737.0 | 373057.0 | 394199.0 | 394199.0 | 385210.0 | 393994.8 |
2018-06-03 19:49:18 [INFO] | RESUMEN | 373069.0 | 398737.0 | 373057.0 | 394199.0 | 394199.0 | 385200.0 | 393983.8 |
2018-06-03 19:49:37 [INFO] | RESUMEN | 373069.0 | 398737.0 | 373057.0 | 385158.33 | 394199.0 | 385200.0 | 393983.8 |
2018-06-03 19:50:18 [INFO] | RESUMEN | 373069.0 | 398737.0 | 373057.0 | 385158.33 | 385158.33 | 385210.0 | 393973.8 |
2018-06-03 19:51:21 [INFO] | RESUMEN | 373069.0 | 398737.0 | 373057.0 | 385158.33 | 385158.33 | 385210.0 | 393972.8 |
2018-06-03 19:52:24 [INFO] | RESUMEN | 373069.0 | 398737.0 | 373057.0 | 385158.33 | 385158.33 | 385210.0 | 393962.8 |
2018-06-03 19:53:27 [INFO] | RESUMEN | 373069.0 | 398737.0 | 373057.0 | 385158.33 | 385158.33 | 385210.0 | 393961.8 |
2018-06-03 19:54:26 [INFO] | RESUMEN | 373069.0 | 398737.0 | 373057.0 | 385158.33 | 385158.33 | 385220.0 | 393951.8 |
2018-06-03 19:55:26 [INFO] | RESUMEN | 373069.0 | 398737.0 | 373057.0 | 385158.33 | 385158.33 | 385220.0 | 393950.8 |
2018-06-03 19:56:26 [INFO] | RESUMEN | 373069.0 | 398737.0 | 373057.0 | 385158.33 | 385158.33 | 385220.0 | 393940.8 |
2018-06-03 19:57:26 [INFO] | RESUMEN | 373069.0 | 398737.0 | 373057.0 | 385158.33 | 385158.33 | 385220.0 | 393939.8 |
2018-06-03 19:58:28 [INFO] | RESUMEN | 373069.0 | 398737.0 | 373057.0 | 385158.33 | 385158.33 | 385158.33 | 393939.8 |
2018-06-03 19:59:30 [INFO] | RESUMEN | 373069.0 | 398737.0 | 373057.0 | 385158.33 | 385158.33 | 385230.0 | 393928.8 |
2018-06-03 20:00:33 [INFO] | RESUMEN | 373069.0 | 398737.0 | 373057.0 | 385158.33 | 385158.33 | 385230.0 | 393917.0 |
2018-06-03 20:01:35 [INFO] | RESUMEN | 373069.0 | 398737.0 | 373057.0 | 385158.33 | 385158.33 | 385230.0 | 393916.0 |
2018-06-03 20:02:35 [INFO] | RESUMEN | 373069.0 | 398737.0 | 373057.0 | 385158.33 | 385158.33 | 385158.33 | 393916.0 |
2018-06-03 20:03:38 [INFO] | RESUMEN | 373069.0 | 398737.0 | 373057.0 | 385158.33 | 385158.33 | 385168.33 | 393916.0 |
2018-06-03 20:06:43 [INFO] | RESUMEN | 373069.0 | 398737.0 | 373057.0 | 385158.33 | 385158.33 | 385158.33 | 393916.0 |
2018-06-03 20:07:41 [INFO] | RESUMEN | 373069.0 | 398737.0 | 373057.0 | 385158.33 | 385158.33 | 385168.33 | 393916.0 |
2018-06-03 20:10:44 [INFO] | RESUMEN | 373069.0 | 398737.0 | 373057.0 | 385158.33 | 385158.33 | 385158.33 | 393916.0 |
2018-06-03 20:11:43 [INFO] | RESUMEN | 373069.0 | 398737.0 | 373057.0 | 385158.33 | 385158.33 | 387521.57 | 393916.0 |
2018-06-03 20:12:45 [INFO] | RESUMEN | 373069.0 | 398737.0 | 373057.0 | 385158.33 | 385158.33 | 387531.57 | 393916.0 |
2018-06-03 20:13:34 [INFO] | RESUMEN | 387531.57 | 387531.57 | 387521.57 | 387521.57 | 385158.33 | 387531.57 | 393916.0 |
2018-06-03 20:13:48 [INFO] | RESUMEN | 387531.57 | 387531.57 | 387521.57 | 387521.57 | 387521.57 | 387521.57 | 393916.0 |
2018-06-03 20:14:50 [INFO] | RESUMEN | 387531.57 | 387531.57 | 387521.57 | 387521.57 | 387521.57 | 387531.57 | 393916.0 |
2018-06-03 20:18:53 [INFO] | RESUMEN | 387531.57 | 387531.57 | 387521.57 | 387521.57 | 387521.57 | 387478.74 | 393910.0 |
2018-06-03 20:19:56 [INFO] | RESUMEN | 387531.57 | 387531.57 | 387521.57 | 387521.57 | 387521.57 | 387488.74 | 393909.0 |
2018-06-03 20:22:01 [INFO] | RESUMEN | 387531.57 | 387531.57 | 387521.57 | 387521.57 | 387521.57 | 387594.16 | 393909.0 |
2018-06-03 20:23:02 [INFO] | RESUMEN | 387531.57 | 387531.57 | 387521.57 | 387521.57 | 387521.57 | 387604.16 | 393909.0 |
2018-06-03 20:27:08 [INFO] | RESUMEN | 387531.57 | 387531.57 | 387521.57 | 387521.57 | 387521.57 | 387614.16 | 393909.0 |
2018-06-03 20:31:12 [INFO] | RESUMEN | 387531.57 | 387531.57 | 387521.57 | 387521.57 | 387521.57 | 387594.16 | 393909.0 |
2018-06-03 20:32:14 [INFO] | RESUMEN | 387531.57 | 387531.57 | 387521.57 | 387521.57 | 387521.57 | 387624.16 | 393909.0 |
2018-06-03 20:35:22 [INFO] | RESUMEN | 387531.57 | 387531.57 | 387521.57 | 387521.57 | 387521.57 | 387594.16 | 393909.0 |
2018-06-03 20:36:24 [INFO] | RESUMEN | 387531.57 | 387531.57 | 387521.57 | 387521.57 | 387521.57 | 387604.16 | 393909.0 |
2018-06-03 20:39:30 [INFO] | RESUMEN | 387531.57 | 387531.57 | 387521.57 | 387521.57 | 387521.57 | 387594.16 | 393909.0 |
2018-06-03 20:40:32 [INFO] | RESUMEN | 387531.57 | 387531.57 | 387521.57 | 387521.57 | 387521.57 | 387604.16 | 393909.0 |
2018-06-03 20:43:38 [INFO] | RESUMEN | 387531.57 | 387531.57 | 387521.57 | 387521.57 | 387521.57 | 387594.16 | 393909.0 |
2018-06-03 20:44:40 [INFO] | RESUMEN | 387531.57 | 387531.57 | 387521.57 | 387521.57 | 387521.57 | 387604.16 | 393909.0 |
2018-06-03 20:47:42 [INFO] | RESUMEN | 387531.57 | 387531.57 | 387521.57 | 387521.57 | 387521.57 | 387594.16 | 393909.0 |
2018-06-03 20:48:42 [INFO] | RESUMEN | 387531.57 | 387531.57 | 387521.57 | 387521.57 | 387521.57 | 387604.16 | 393909.0 |
2018-06-03 20:51:51 [INFO] | RESUMEN | 387531.57 | 387531.57 | 387521.57 | 387521.57 | 387521.57 | 387594.16 | 393909.0 |
2018-06-03 20:52:54 [INFO] | RESUMEN | 387531.57 | 387531.57 | 387521.57 | 387521.57 | 387521.57 | 387604.16 | 393909.0 |
2018-06-03 20:56:01 [INFO] | RESUMEN | 387531.57 | 387531.57 | 387521.57 | 387521.57 | 387521.57 | 387594.16 | 393909.0 |
2018-06-03 20:57:00 [INFO] | RESUMEN | 387531.57 | 387531.57 | 387521.57 | 387521.57 | 387521.57 | 387604.16 | 393909.0 |
2018-06-03 21:00:08 [INFO] | RESUMEN | 387531.57 | 387531.57 | 387521.57 | 387521.57 | 387521.57 | 387594.16 | 393909.0 |
2018-06-03 21:01:10 [INFO] | RESUMEN | 387531.57 | 387531.57 | 387521.57 | 387521.57 | 387521.57 | 387604.16 | 393909.0 |
2018-06-03 21:04:16 [INFO] | RESUMEN | 387531.57 | 387531.57 | 387521.57 | 387521.57 | 387521.57 | 387594.16 | 393909.0 |
2018-06-03 21:05:19 [INFO] | RESUMEN | 387531.57 | 387531.57 | 387521.57 | 387521.57 | 387521.57 | 387604.16 | 393909.0 |
2018-06-03 21:09:23 [INFO] | RESUMEN | 387531.57 | 387531.57 | 387521.57 | 387521.57 | 387521.57 | 387594.16 | 393909.0 |
2018-06-03 21:11:24 [INFO] | RESUMEN | 387531.57 | 387531.57 | 387521.57 | 387521.57 | 387521.57 | 387604.16 | 393909.0 |
2018-06-03 21:14:29 [INFO] | RESUMEN | 387531.57 | 387531.57 | 387521.57 | 387521.57 | 387521.57 | 387594.16 | 393909.0 |
2018-06-03 21:15:31 [INFO] | RESUMEN | 387531.57 | 387531.57 | 387521.57 | 387521.57 | 387521.57 | 387604.16 | 393909.0 |
2018-06-03 21:18:40 [INFO] | RESUMEN | 387531.57 | 387531.57 | 387521.57 | 387521.57 | 387521.57 | 387594.16 | 393909.0 |
2018-06-03 21:19:41 [INFO] | RESUMEN | 387531.57 | 387531.57 | 387521.57 | 387521.57 | 387521.57 | 387604.16 | 393909.0 |
2018-06-03 21:22:01 [INFO] | RESUMEN | 387531.57 | 399407.61 | 387521.57 | 399407.61 | 387521.57 | 387604.16 | 393909.0 |
2018-06-03 21:22:48 [INFO] | RESUMEN | 387531.57 | 399407.61 | 387521.57 | 399407.61 | 399407.61 | 387606.25 | 399406.61 |
2018-06-03 21:23:51 [INFO] | RESUMEN | 387531.57 | 399407.61 | 387521.57 | 399407.61 | 399407.61 | 387618.35 | 399395.61 |
2018-06-03 21:24:53 [INFO] | RESUMEN | 387531.57 | 399407.61 | 387521.57 | 399407.61 | 399407.61 | 387630.44 | 399384.61 |
2018-06-03 21:25:55 [INFO] | RESUMEN | 387531.57 | 399407.61 | 387521.57 | 399407.61 | 399407.61 | 387632.54 | 399373.61 |
2018-06-03 21:26:55 [INFO] | RESUMEN | 387531.57 | 399407.61 | 387521.57 | 399407.61 | 399407.61 | 387643.63 | 399362.61 |
2018-06-03 21:27:57 [INFO] | RESUMEN | 387531.57 | 399407.61 | 387521.57 | 399407.61 | 399407.61 | 387645.73 | 399352.61 |
2018-06-03 21:29:00 [INFO] | RESUMEN | 387531.57 | 399407.61 | 387521.57 | 399407.61 | 399407.61 | 387656.82 | 399349.0 |
2018-06-03 21:30:02 [INFO] | RESUMEN | 387531.57 | 399407.61 | 387521.57 | 399407.61 | 399407.61 | 387594.16 | 399339.0 |
2018-06-03 21:31:04 [INFO] | RESUMEN | 387531.57 | 399407.61 | 387521.57 | 399407.61 | 399407.61 | 387605.25 | 399338.0 |
2018-06-03 21:32:07 [INFO] | RESUMEN | 387531.57 | 399407.61 | 387521.57 | 399407.61 | 399407.61 | 387615.25 | 399327.0 |
2018-06-03 21:33:07 [INFO] | RESUMEN | 387531.57 | 399407.61 | 387521.57 | 399407.61 | 399407.61 | 387618.44 | 399316.0 |
2018-06-03 21:34:10 [INFO] | RESUMEN | 387531.57 | 399407.61 | 387521.57 | 399407.61 | 399407.61 | 387618.0 | 399306.0 |
2018-06-03 21:35:09 [INFO] | RESUMEN | 387531.57 | 399407.61 | 387521.57 | 399407.61 | 399407.61 | 387628.0 | 399305.0 |
2018-06-03 21:36:12 [INFO] | RESUMEN | 387531.57 | 399407.61 | 387521.57 | 399407.61 | 399407.61 | 387631.19 | 399294.0 |
2018-06-03 21:37:15 [INFO] | RESUMEN | 387531.57 | 399407.61 | 387521.57 | 399407.61 | 399407.61 | 387641.19 | 399284.0 |
2018-06-03 21:38:17 [INFO] | RESUMEN | 387531.57 | 399407.61 | 387521.57 | 399407.61 | 399407.61 | 387643.29 | 399283.0 |
2018-06-03 21:39:20 [INFO] | RESUMEN | 387531.57 | 399407.61 | 387521.57 | 399407.61 | 399407.61 | 387644.38 | 398932.2 |
2018-06-03 21:40:22 [INFO] | RESUMEN | 387531.57 | 399407.61 | 387521.57 | 399407.61 | 399407.61 | 387642.19 | 398932.2 |
2018-06-03 21:41:24 [INFO] | RESUMEN | 387531.57 | 399407.61 | 387521.57 | 399407.61 | 399407.61 | 387644.29 | 398932.2 |
2018-06-03 21:42:27 [INFO] | RESUMEN | 387531.57 | 399407.61 | 387521.57 | 399407.61 | 399407.61 | 387643.29 | 398932.2 |
2018-06-03 21:43:26 [INFO] | RESUMEN | 387531.57 | 399407.61 | 387521.57 | 399407.61 | 399407.61 | 387644.29 | 398932.2 |
2018-06-03 21:44:30 [INFO] | RESUMEN | 387531.57 | 399407.61 | 387521.57 | 399407.61 | 399407.61 | 387646.38 | 397169.17 |
2018-06-03 21:45:32 [INFO] | RESUMEN | 387531.57 | 399407.61 | 387521.57 | 399407.61 | 399407.61 | 387641.19 | 397169.17 |
2018-06-03 21:47:32 [INFO] | RESUMEN | 387531.57 | 399407.61 | 387521.57 | 399407.61 | 399407.61 | 387643.29 | 397169.17 |
2018-06-03 21:48:34 [INFO] | RESUMEN | 387531.57 | 399407.61 | 387521.57 | 399407.61 | 399407.61 | 387642.29 | 397169.17 |
2018-06-03 21:49:34 [INFO] | RESUMEN | 387531.57 | 399407.61 | 387521.57 | 399407.61 | 399407.61 | 387643.29 | 396994.45 |
