2018-06-07 18:08:55 [INFO] | | OPEN | HIGH | LOW | CLOSE | LAST PRICE | VAL BUY | VAL SELL | BUY | SELL |
2018-06-07 18:08:55 [INFO] | RESUMEN | 382000.0 | 391704.0 | 376001.0 | 384405.1 | 384405.1 | 388106.41 | 372993.33 |
2018-06-07 18:09:47 [INFO] | RESUMEN | 382000.0 | 391704.0 | 376001.0 | 384405.1 | 384405.1 | 388093.07 | 373006.67 | 
2018-06-07 18:10:36 [INFO] | RESUMEN | 382000.0 | 391704.0 | 376001.0 | 384405.1 | 384405.1 | 388106.41 | 373006.67 | 
2018-06-07 18:10:40 [INFO] | RESUMEN | 382000.0 | 391704.0 | 376001.0 | 384405.1 | 384405.1 | 388093.07 | 373006.67 | 
2018-06-07 18:12:09 [INFO] Error inesperado: float division by zero
2018-06-07 18:12:53 [INFO] | RESUMEN | 382000.0 | 391704.0 | 376001.0 | 384405.1 | 384405.1 | 388093.07 | 373013.33 | 
2018-06-07 18:13:31 [INFO] | RESUMEN | 382000.0 | 391704.0 | 376001.0 | 384405.1 | 384405.1 | 388093.07 | 373020.0 | 
2018-06-07 18:13:35 [INFO] | RESUMEN | 382000.0 | 391704.0 | 376001.0 | 384405.1 | 384405.1 | 388106.41 | 373020.0 | 
2018-06-07 18:13:39 [INFO] | RESUMEN | 382000.0 | 391704.0 | 376001.0 | 384405.1 | 384405.1 | 388093.07 | 373020.0 | 
2018-06-07 18:14:24 [INFO] | RESUMEN | 382000.0 | 391704.0 | 376001.0 | 384405.1 | 384405.1 | 388106.41 | 373020.0 | 
2018-06-07 18:14:27 [INFO] | RESUMEN | 382000.0 | 391704.0 | 376001.0 | 384405.1 | 384405.1 | 388093.07 | 373026.67 | 
2018-06-07 18:16:02 [INFO] | RESUMEN | 382000.0 | 391704.0 | 376001.0 | 384405.1 | 384405.1 | 388093.07 | 373040.0 | 
2018-06-07 18:16:36 [INFO] | RESUMEN | 382000.0 | 391704.0 | 376001.0 | 384405.1 | 384405.1 | 388106.41 | 373040.0 | 
2018-06-07 18:16:40 [INFO] | RESUMEN | 382000.0 | 391704.0 | 376001.0 | 384405.1 | 384405.1 | 388093.07 | 373040.0 | 
2018-06-07 18:17:22 [INFO] | RESUMEN | 382000.0 | 391704.0 | 376001.0 | 384405.1 | 384405.1 | 388106.41 | 373040.0 | 
2018-06-07 18:17:25 [INFO] | RESUMEN | 382000.0 | 391704.0 | 376001.0 | 384405.1 | 384405.1 | 388093.07 | 373040.0 | 
2018-06-07 18:18:06 [INFO] | RESUMEN | 382000.0 | 391704.0 | 376001.0 | 384405.1 | 384405.1 | 388106.41 | 373040.0 | 
2018-06-07 18:18:09 [INFO] | RESUMEN | 382000.0 | 391704.0 | 376001.0 | 384405.1 | 384405.1 | 388093.07 | 373040.0 | 
2018-06-07 18:18:50 [INFO] | RESUMEN | 382000.0 | 391704.0 | 376001.0 | 384405.1 | 384405.1 | 388106.41 | 373040.0 | 
2018-06-07 18:18:53 [INFO] | RESUMEN | 382000.0 | 391704.0 | 376001.0 | 384405.1 | 384405.1 | 388093.07 | 373053.33 | 
2018-06-07 18:20:24 [INFO] | RESUMEN | 382000.0 | 391704.0 | 376001.0 | 384405.1 | 384405.1 | 388106.41 | 373053.33 | 
2018-06-07 18:20:27 [INFO] | RESUMEN | 382000.0 | 391704.0 | 376001.0 | 384405.1 | 384405.1 | 388093.07 | 373053.33 | 
2018-06-07 18:21:02 [INFO] | RESUMEN | 382000.0 | 391704.0 | 376001.0 | 384405.1 | 384405.1 | 388106.41 | 373053.33 | 
2018-06-07 18:21:05 [INFO] | RESUMEN | 382000.0 | 391704.0 | 376001.0 | 384405.1 | 384405.1 | 388093.07 | 373060.0 | 
2018-06-07 18:21:46 [INFO] | RESUMEN | 382000.0 | 391704.0 | 376001.0 | 384405.1 | 384405.1 | 388106.41 | 373060.0 | 
2018-06-07 18:21:49 [INFO] | RESUMEN | 382000.0 | 391704.0 | 376001.0 | 384405.1 | 384405.1 | 388093.07 | 373060.0 | 
2018-06-07 18:22:34 [INFO] | RESUMEN | 382000.0 | 391704.0 | 376001.0 | 384405.1 | 384405.1 | 388106.41 | 373060.0 | 
2018-06-07 18:22:37 [INFO] | RESUMEN | 382000.0 | 391704.0 | 376001.0 | 384405.1 | 384405.1 | 388093.07 | 373060.0 | 
2018-06-07 18:23:20 [INFO] | RESUMEN | 382000.0 | 391704.0 | 376001.0 | 384405.1 | 384405.1 | 388106.41 | 373060.0 | 
2018-06-07 18:23:23 [INFO] | RESUMEN | 382000.0 | 391704.0 | 376001.0 | 384405.1 | 384405.1 | 388093.07 | 373060.0 | 
2018-06-07 18:24:03 [INFO] | RESUMEN | 382000.0 | 391704.0 | 376001.0 | 384405.1 | 384405.1 | 388106.41 | 373060.0 | 
2018-06-07 18:24:07 [INFO] | RESUMEN | 382000.0 | 391704.0 | 376001.0 | 384405.1 | 384405.1 | 388093.07 | 373073.33 | 
2018-06-07 18:25:34 [INFO] | RESUMEN | 382000.0 | 391704.0 | 376001.0 | 384405.1 | 384405.1 | 388106.41 | 373073.33 | 
2018-06-07 18:25:37 [INFO] | RESUMEN | 382000.0 | 391704.0 | 376001.0 | 384405.1 | 384405.1 | 388093.07 | 373073.33 | 
2018-06-07 18:26:19 [INFO] | RESUMEN | 382000.0 | 391704.0 | 376001.0 | 376078.0 | 384405.1 | 388093.07 | 372993.33 | 
2018-06-07 18:26:50 [INFO] | RESUMEN | 382000.0 | 391704.0 | 376001.0 | 376078.0 | 376078.0 | 388093.07 | 372993.33 | 
2018-06-07 18:27:12 [INFO] | RESUMEN | 382000.0 | 391704.0 | 376001.0 | 376078.0 | 376078.0 | 388093.07 | 373000.0 | 
2018-06-07 18:27:25 [INFO] Error inesperado: float division by zero
2018-06-07 18:27:27 [INFO] Error inesperado: float division by zero
2018-06-07 18:27:35 [INFO] | RESUMEN | 382000.0 | 391704.0 | 376001.0 | 384988.0 | 376078.0 | 388093.07 | 373000.0 | 
2018-06-07 18:27:46 [INFO] Error inesperado: float division by zero
2018-06-07 18:27:53 [INFO] | RESUMEN | 382000.0 | 391704.0 | 376001.0 | 384988.0 | 384988.0 | 388093.07 | 373000.0 | 
2018-06-07 18:28:03 [INFO] Error inesperado: float division by zero
2018-06-07 18:28:42 [INFO] | RESUMEN | 382000.0 | 391704.0 | 376001.0 | 384988.0 | 384988.0 | 388079.74 | 373000.0 | 
2018-06-07 18:28:48 [INFO] Error inesperado: float division by zero
2018-06-07 18:29:56 [INFO] Error inesperado: float division by zero
2018-06-07 18:30:53 [INFO] | RESUMEN | 382000.0 | 391704.0 | 376001.0 | 384988.0 | 384988.0 | 388079.74 | 372993.33 | 
2018-06-07 18:31:37 [INFO] | RESUMEN | 382000.0 | 391704.0 | 376001.0 | 384988.0 | 384988.0 | 388073.07 | 372993.33 | 
2018-06-07 18:31:40 [INFO] | RESUMEN | 382000.0 | 391704.0 | 376001.0 | 384988.0 | 384988.0 | 388073.07 | 373006.67 | 
2018-06-07 18:32:18 [INFO] Error inesperado: float division by zero
2018-06-07 18:33:01 [INFO] Error inesperado: float division by zero
2018-06-07 18:33:24 [INFO] Error inesperado: float division by zero
2018-06-07 18:33:41 [INFO] Error inesperado: float division by zero
2018-06-07 18:33:52 [INFO] | RESUMEN | 382000.0 | 391704.0 | 376001.0 | 384988.0 | 384988.0 | 388059.74 | 373006.67 | 
2018-06-07 18:34:29 [INFO] Error inesperado: float division by zero
2018-06-07 18:34:43 [INFO] | RESUMEN | 382000.0 | 391704.0 | 376001.0 | 384988.0 | 384988.0 | 388059.74 | 372993.33 | 
2018-06-07 18:35:35 [INFO] | RESUMEN | 382000.0 | 391704.0 | 376001.0 | 384988.0 | 384988.0 | 388046.41 | 372993.33 | 
2018-06-07 18:35:38 [INFO] | RESUMEN | 382000.0 | 391704.0 | 376001.0 | 384988.0 | 384988.0 | 388046.41 | 373006.67 | 
2018-06-07 18:35:44 [INFO] Error inesperado: float division by zero
2018-06-07 18:37:32 [INFO] | RESUMEN | 382000.0 | 391704.0 | 376001.0 | 384988.0 | 384988.0 | 388039.74 | 373006.67 | 
2018-06-07 18:39:17 [INFO] | RESUMEN | 382000.0 | 391704.0 | 376001.0 | 384988.0 | 384988.0 | 388039.74 | 372993.33 | 
2018-06-07 18:40:05 [INFO] Error inesperado: float division by zero
2018-06-07 18:40:17 [INFO] | RESUMEN | 382000.0 | 391704.0 | 376001.0 | 384988.0 | 384988.0 | 388026.41 | 373006.67 | 
2018-06-07 18:41:54 [INFO] Error inesperado: float division by zero
2018-06-07 18:42:00 [INFO] | RESUMEN | 382000.0 | 391704.0 | 376001.0 | 384988.0 | 384988.0 | 388013.07 | 373006.67 | 
2018-06-07 18:42:39 [INFO] | RESUMEN | 382000.0 | 391704.0 | 376001.0 | 384988.0 | 384988.0 | 388006.41 | 373006.67 | 
2018-06-07 18:43:26 [INFO] | RESUMEN | 382000.0 | 391704.0 | 376001.0 | 384988.0 | 384988.0 | 388006.41 | 372993.33 | 
2018-06-07 18:44:13 [INFO] | RESUMEN | 382000.0 | 391704.0 | 376001.0 | 384988.0 | 384988.0 | 387993.07 | 373006.67 | 
2018-06-07 18:45:50 [INFO] | RESUMEN | 382000.0 | 391704.0 | 376001.0 | 384988.0 | 384988.0 | 387979.74 | 373006.67 | 
2018-06-07 18:47:09 [INFO] Error inesperado: float division by zero
2018-06-07 18:47:23 [INFO] | RESUMEN | 382000.0 | 391704.0 | 376001.0 | 384988.0 | 384988.0 | 387979.74 | 372993.33 | 
2018-06-07 18:48:10 [INFO] | RESUMEN | 382000.0 | 391704.0 | 376001.0 | 384988.0 | 384988.0 | 387973.07 | 373006.67 | 
2018-06-07 18:50:24 [INFO] | RESUMEN | 382000.0 | 391704.0 | 376001.0 | 384988.0 | 384988.0 | 387959.74 | 373006.67 | 
2018-06-07 18:51:54 [INFO] | RESUMEN | 382000.0 | 391704.0 | 376001.0 | 384988.0 | 384988.0 | 387959.74 | 372993.33 | 
2018-06-07 18:52:37 [INFO] | RESUMEN | 382000.0 | 391704.0 | 376001.0 | 384988.0 | 384988.0 | 387946.41 | 372993.33 | 
2018-06-07 18:52:40 [INFO] | RESUMEN | 382000.0 | 391704.0 | 376001.0 | 384988.0 | 384988.0 | 387946.41 | 373013.33 | 
2018-06-07 18:54:07 [INFO] | RESUMEN | 382000.0 | 391704.0 | 376001.0 | 384988.0 | 384988.0 | 387939.74 | 373013.33 | 
2018-06-07 18:55:32 [INFO] | RESUMEN | 382000.0 | 391704.0 | 376001.0 | 384988.0 | 384988.0 | 387926.41 | 373013.33 | 
2018-06-07 18:56:22 [INFO] | RESUMEN | 382000.0 | 391704.0 | 376001.0 | 384988.0 | 384988.0 | 387926.41 | 372993.33 | 
2018-06-07 18:57:20 [INFO] | RESUMEN | 382000.0 | 391704.0 | 376001.0 | 384988.0 | 384988.0 | 387913.07 | 373006.67 | 
2018-06-07 18:59:59 [INFO] | RESUMEN | 382000.0 | 391704.0 | 376001.0 | 384988.0 | 384988.0 | 388106.41 | 373006.67 | 
2018-06-07 19:00:02 [INFO] | RESUMEN | 382000.0 | 391704.0 | 376001.0 | 384988.0 | 384988.0 | 387913.07 | 373020.0 | 
2018-06-07 19:01:33 [INFO] | RESUMEN | 382000.0 | 391704.0 | 376001.0 | 384988.0 | 384988.0 | 387906.41 | 373020.0 | 
2018-06-07 19:03:43 [INFO] | RESUMEN | 382000.0 | 391704.0 | 376001.0 | 384988.0 | 384988.0 | 387906.41 | 372993.33 | 
2018-06-07 19:04:33 [INFO] | RESUMEN | 382000.0 | 391704.0 | 376001.0 | 384988.0 | 384988.0 | 387893.07 | 373006.67 | 
2018-06-07 19:05:17 [INFO] | RESUMEN | 382000.0 | 391704.0 | 376001.0 | 384988.0 | 384988.0 | 388106.41 | 373006.67 | 
2018-06-07 19:05:20 [INFO] | RESUMEN | 382000.0 | 391704.0 | 376001.0 | 384988.0 | 384988.0 | 387893.07 | 373006.67 | 
2018-06-07 19:06:46 [INFO] | RESUMEN | 382000.0 | 391704.0 | 376001.0 | 384988.0 | 384988.0 | 387879.74 | 373006.67 | 
2018-06-07 19:08:12 [INFO] | RESUMEN | 382000.0 | 391704.0 | 376001.0 | 384988.0 | 384988.0 | 387879.74 | 372993.33 | 
2018-06-07 19:08:55 [INFO] | RESUMEN | 382000.0 | 391704.0 | 376001.0 | 384988.0 | 384988.0 | 387873.07 | 372993.33 | 
2018-06-07 19:08:58 [INFO] | RESUMEN | 382000.0 | 391704.0 | 376001.0 | 384988.0 | 384988.0 | 387873.07 | 373013.33 | 
2018-06-07 19:10:27 [INFO] | RESUMEN | 382000.0 | 391704.0 | 376001.0 | 384988.0 | 384988.0 | 387859.74 | 373013.33 | 
2018-06-07 19:11:08 [INFO] | RESUMEN | 382000.0 | 391704.0 | 376001.0 | 384988.0 | 384988.0 | 388106.41 | 373013.33 | 
2018-06-07 19:11:11 [INFO] | RESUMEN | 382000.0 | 391704.0 | 376001.0 | 384988.0 | 384988.0 | 387859.74 | 373013.33 | 
2018-06-07 19:11:50 [INFO] | RESUMEN | 382000.0 | 391704.0 | 376001.0 | 384988.0 | 384988.0 | 388099.74 | 373013.33 | 
2018-06-07 19:11:53 [INFO] | RESUMEN | 382000.0 | 391704.0 | 376001.0 | 384988.0 | 384988.0 | 387859.74 | 373013.33 | 
2018-06-07 19:12:34 [INFO] | RESUMEN | 382000.0 | 391704.0 | 376001.0 | 384988.0 | 384988.0 | 387859.74 | 372993.33 | 
2018-06-07 19:13:10 [INFO] | RESUMEN | 382000.0 | 391704.0 | 374889.24 | 374889.24 | 384988.0 | 387859.74 | 371893.33 | 
2018-06-07 19:13:24 [INFO] | RESUMEN | 382000.0 | 391704.0 | 374889.24 | 374889.24 | 384988.0 | 387859.74 | 373026.67 | 
2018-06-07 19:14:03 [INFO] | RESUMEN | 382000.0 | 391704.0 | 374889.24 | 374889.24 | 384988.0 | 387846.41 | 373026.67 | 
2018-06-07 19:14:09 [INFO] | RESUMEN | 382000.0 | 391704.0 | 374889.24 | 374889.24 | 374889.24 | 387846.41 | 373026.67 | 
2018-06-07 19:14:46 [INFO] | RESUMEN | 382000.0 | 391704.0 | 374889.24 | 374889.24 | 374889.24 | 388106.41 | 373026.67 | 
2018-06-07 19:14:49 [INFO] | RESUMEN | 382000.0 | 391704.0 | 374889.24 | 374889.24 | 374889.24 | 387846.41 | 373026.67 | 
2018-06-07 19:15:28 [INFO] | RESUMEN | 382000.0 | 391704.0 | 374889.24 | 374889.24 | 374889.24 | 387839.74 | 373026.67 | 
2018-06-07 19:16:49 [INFO] | RESUMEN | 382000.0 | 391704.0 | 374889.24 | 374889.24 | 374889.24 | 387839.74 | 371680.0 | 
2018-06-07 19:17:32 [INFO] | RESUMEN | 382000.0 | 391704.0 | 374889.24 | 374889.24 | 374889.24 | 387826.41 | 371693.33 | 
2018-06-07 19:18:05 [INFO] Error inesperado: float division by zero
2018-06-07 19:19:02 [INFO] | RESUMEN | 382000.0 | 391704.0 | 374889.24 | 374889.24 | 374889.24 | 387813.07 | 371693.33 | 
2018-06-07 19:21:07 [INFO] | RESUMEN | 382000.0 | 391704.0 | 374889.24 | 374889.24 | 374889.24 | 387813.07 | 371680.0 | 
2018-06-07 19:21:53 [INFO] | RESUMEN | 382000.0 | 391704.0 | 374889.24 | 374889.24 | 374889.24 | 387806.41 | 371693.33 | 
2018-06-07 19:22:39 [INFO] | RESUMEN | 382000.0 | 391704.0 | 374889.24 | 374889.24 | 374889.24 | 387839.74 | 371693.33 | 
2018-06-07 19:22:43 [INFO] | RESUMEN | 382000.0 | 391704.0 | 374889.24 | 374889.24 | 374889.24 | 387806.41 | 371693.33 | 
2018-06-07 19:24:09 [INFO] | RESUMEN | 382000.0 | 391704.0 | 374889.24 | 374889.24 | 374889.24 | 387793.07 | 371693.33 | 
2018-06-07 19:24:46 [INFO] | RESUMEN | 382000.0 | 391704.0 | 374889.24 | 374889.24 | 374889.24 | 387806.41 | 371693.33 | 
2018-06-07 19:24:49 [INFO] | RESUMEN | 382000.0 | 391704.0 | 374889.24 | 374889.24 | 374889.24 | 387793.07 | 371693.33 | 
2018-06-07 19:25:31 [INFO] | RESUMEN | 382000.0 | 391704.0 | 374889.24 | 374889.24 | 374889.24 | 387793.07 | 371680.0 | 
2018-06-07 19:26:18 [INFO] | RESUMEN | 382000.0 | 391704.0 | 374889.24 | 374889.24 | 374889.24 | 387793.07 | 371700.0 | 
2018-06-07 19:27:03 [INFO] | RESUMEN | 382000.0 | 391704.0 | 374889.24 | 374889.24 | 374889.24 | 387779.74 | 371700.0 | 
2018-06-07 19:29:17 [INFO] | RESUMEN | 382000.0 | 391704.0 | 374889.24 | 374889.24 | 374889.24 | 387773.07 | 371700.0 | 
2018-06-07 19:29:56 [INFO] | RESUMEN | 382000.0 | 391704.0 | 374889.24 | 374889.24 | 374889.24 | 387773.07 | 371680.0 | 
2018-06-07 19:30:41 [INFO] | RESUMEN | 382000.0 | 391704.0 | 374889.24 | 374889.24 | 374889.24 | 387773.07 | 371713.33 | 
2018-06-07 19:31:29 [INFO] | RESUMEN | 382000.0 | 391704.0 | 374889.24 | 374889.24 | 374889.24 | 387759.74 | 371713.33 | 
2018-06-07 19:32:58 [INFO] | RESUMEN | 382000.0 | 391704.0 | 374889.24 | 374889.24 | 374889.24 | 387753.07 | 371713.33 | 
2018-06-07 19:33:32 [INFO] | RESUMEN | 382000.0 | 391704.0 | 374889.24 | 374889.24 | 374889.24 | 387746.41 | 371713.33 | 
2018-06-07 19:34:25 [INFO] | RESUMEN | 382000.0 | 391704.0 | 374889.24 | 374889.24 | 374889.24 | 387746.41 | 371680.0 | 
2018-06-07 19:35:10 [INFO] | RESUMEN | 382000.0 | 391704.0 | 374889.24 | 374889.24 | 374889.24 | 387739.74 | 371680.0 | 
2018-06-07 19:35:13 [INFO] | RESUMEN | 382000.0 | 391704.0 | 374889.24 | 374889.24 | 374889.24 | 387739.74 | 371693.33 | 
2018-06-07 19:35:59 [INFO] | RESUMEN | 382000.0 | 391704.0 | 374889.24 | 374889.24 | 374889.24 | 387726.41 | 371693.33 | 
2018-06-07 19:37:14 [INFO] Error inesperado: float division by zero
2018-06-07 19:37:30 [INFO] | RESUMEN | 382000.0 | 391704.0 | 374889.24 | 374889.24 | 374889.24 | 387719.74 | 371693.33 | 
2018-06-07 19:37:58 [INFO] | RESUMEN | 382000.0 | 391704.0 | 374889.24 | 374889.24 | 374889.24 | 387713.07 | 371693.33 | 
2018-06-07 19:38:43 [INFO] Error inesperado: float division by zero
2018-06-07 19:38:57 [INFO] | RESUMEN | 382000.0 | 391704.0 | 374889.24 | 374889.24 | 374889.24 | 387713.07 | 371680.0 | 
2018-06-07 19:39:43 [INFO] | RESUMEN | 382000.0 | 391704.0 | 374889.24 | 374889.24 | 374889.24 | 387706.41 | 371700.0 | 
2018-06-07 19:41:11 [INFO] | RESUMEN | 382000.0 | 391704.0 | 374889.24 | 374889.24 | 374889.24 | 387693.07 | 371700.0 | 
2018-06-07 19:42:41 [INFO] | RESUMEN | 382000.0 | 391704.0 | 374889.24 | 374889.24 | 374889.24 | 387686.41 | 371700.0 | 
2018-06-07 19:43:13 [INFO] | RESUMEN | 382000.0 | 391704.0 | 374889.24 | 374889.24 | 374889.24 | 387679.74 | 371700.0 | 
2018-06-07 19:43:24 [INFO] | RESUMEN | 382000.0 | 391704.0 | 374889.24 | 374889.24 | 374889.24 | 387679.74 | 371713.33 | 
2018-06-07 19:44:12 [INFO] | RESUMEN | 382000.0 | 391704.0 | 374889.24 | 374889.24 | 374889.24 | 387673.07 | 371713.33 | 
2018-06-07 19:45:45 [INFO] | RESUMEN | 382000.0 | 391704.0 | 374889.24 | 374889.24 | 374889.24 | 387659.74 | 371713.33 | 
2018-06-07 19:46:27 [INFO] | RESUMEN | 382000.0 | 391704.0 | 374889.24 | 374889.24 | 374889.24 | 387779.74 | 371713.33 | 
2018-06-07 19:46:34 [INFO] | RESUMEN | 382000.0 | 391704.0 | 374889.24 | 374889.24 | 374889.24 | 387659.74 | 371713.33 | 
2018-06-07 19:47:06 [INFO] | RESUMEN | 382000.0 | 391704.0 | 374889.24 | 374889.24 | 374889.24 | 387659.74 | 371700.0 | 
2018-06-07 19:47:51 [INFO] | RESUMEN | 382000.0 | 391704.0 | 374889.24 | 374889.24 | 374889.24 | 387653.07 | 371700.0 | 
2018-06-07 19:47:54 [INFO] | RESUMEN | 382000.0 | 391704.0 | 374889.24 | 374889.24 | 374889.24 | 387653.07 | 371720.0 | 
2018-06-07 19:48:07 [INFO] Error inesperado: float division by zero
2018-06-07 19:48:30 [INFO] | RESUMEN | 382000.0 | 391704.0 | 374889.24 | 374889.24 | 374889.24 | 387646.41 | 371720.0 | 
2018-06-07 19:49:20 [INFO] | RESUMEN | 382000.0 | 391704.0 | 374889.24 | 374889.24 | 374889.24 | 387639.74 | 371720.0 | 
2018-06-07 19:50:47 [INFO] | RESUMEN | 382000.0 | 391704.0 | 374889.24 | 374889.24 | 374889.24 | 387626.41 | 371720.0 | 
2018-06-07 19:51:25 [INFO] Error inesperado: float division by zero
2018-06-07 19:51:28 [INFO] | RESUMEN | 382000.0 | 391704.0 | 374889.24 | 374889.24 | 374889.24 | 387626.41 | 371700.0 | 
2018-06-07 19:52:13 [INFO] | RESUMEN | 382000.0 | 391704.0 | 374889.24 | 374889.24 | 374889.24 | 387619.74 | 371713.33 | 
2018-06-07 19:52:34 [INFO] | RESUMEN | 382000.0 | 391704.0 | 374889.24 | 374889.24 | 374889.24 | 387613.07 | 371713.33 | 
2018-06-07 19:53:46 [INFO] | RESUMEN | 382000.0 | 391704.0 | 374889.24 | 374889.24 | 374889.24 | 387606.41 | 371713.33 | 
2018-06-07 19:54:28 [INFO] | RESUMEN | 382000.0 | 391704.0 | 374889.24 | 374889.24 | 374889.24 | 387593.07 | 371713.33 | 
2018-06-07 19:55:54 [INFO] | RESUMEN | 382000.0 | 391704.0 | 374889.24 | 374889.24 | 374889.24 | 387593.07 | 371700.0 | 
2018-06-07 19:56:14 [INFO] | RESUMEN | 382000.0 | 391704.0 | 374695.0 | 374695.0 | 374889.24 | 387593.07 | 371700.0 | 
2018-06-07 19:56:39 [INFO] | RESUMEN | 382000.0 | 391704.0 | 374695.0 | 374695.0 | 374889.24 | 387586.41 | 371700.0 | 
2018-06-07 19:56:43 [INFO] | RESUMEN | 382000.0 | 391704.0 | 374695.0 | 374695.0 | 374889.24 | 387586.41 | 371713.33 | 
2018-06-07 19:57:07 [INFO] Error inesperado: float division by zero
2018-06-07 19:57:11 [INFO] | RESUMEN | 382000.0 | 391704.0 | 374695.0 | 374695.0 | 374695.0 | 387586.41 | 371713.33 | 
2018-06-07 19:57:15 [INFO] | RESUMEN | 382000.0 | 391704.0 | 374695.0 | 374695.0 | 374695.0 | 387579.74 | 371713.33 | 
2018-06-07 19:58:08 [INFO] | RESUMEN | 382000.0 | 391704.0 | 374695.0 | 374695.0 | 374695.0 | 387573.07 | 371713.33 | 
2018-06-07 19:59:26 [INFO] | RESUMEN | 382000.0 | 391704.0 | 374695.0 | 374695.0 | 374695.0 | 387573.07 | 372026.67 | 
2018-06-07 20:01:08 [INFO] | RESUMEN | 382000.0 | 391704.0 | 374695.0 | 374695.0 | 374695.0 | 387559.74 | 372026.67 | 
2018-06-07 20:01:49 [INFO] | RESUMEN | 382000.0 | 391704.0 | 374695.0 | 374695.0 | 374695.0 | 387839.74 | 372026.67 | 
2018-06-07 20:01:52 [INFO] | RESUMEN | 382000.0 | 391704.0 | 374695.0 | 374695.0 | 374695.0 | 387559.74 | 372040.0 | 
2018-06-07 20:02:37 [INFO] | RESUMEN | 382000.0 | 391704.0 | 374695.0 | 374695.0 | 374695.0 | 387553.07 | 372040.0 | 
2018-06-07 20:03:19 [INFO] | RESUMEN | 382000.0 | 391704.0 | 374695.0 | 374695.0 | 374695.0 | 387839.74 | 372040.0 | 
2018-06-07 20:03:22 [INFO] | RESUMEN | 382000.0 | 391704.0 | 374695.0 | 374695.0 | 374695.0 | 387546.41 | 372040.0 | 
2018-06-07 20:04:51 [INFO] | RESUMEN | 382000.0 | 391704.0 | 374695.0 | 374695.0 | 374695.0 | 387539.74 | 372040.0 | 
2018-06-07 20:05:30 [INFO] | RESUMEN | 382000.0 | 391704.0 | 374695.0 | 374695.0 | 374695.0 | 387539.74 | 372026.67 | 
2018-06-07 20:06:17 [INFO] | RESUMEN | 382000.0 | 391704.0 | 374695.0 | 374695.0 | 374695.0 | 387539.74 | 372053.33 | 
2018-06-07 20:06:52 [INFO] Error inesperado: float division by zero
2018-06-07 20:07:07 [INFO] | RESUMEN | 382000.0 | 391704.0 | 374695.0 | 374695.0 | 374695.0 | 387526.41 | 372053.33 | 
2018-06-07 20:07:49 [INFO] | RESUMEN | 382000.0 | 391704.0 | 374695.0 | 374695.0 | 374695.0 | 387839.74 | 372053.33 | 
2018-06-07 20:07:53 [INFO] | RESUMEN | 382000.0 | 391704.0 | 374695.0 | 374695.0 | 374695.0 | 387526.41 | 372053.33 | 
2018-06-07 20:09:17 [INFO] | RESUMEN | 382000.0 | 391704.0 | 374695.0 | 374695.0 | 374695.0 | 387519.74 | 372053.33 | 
2018-06-07 20:09:55 [INFO] | RESUMEN | 382000.0 | 391704.0 | 374695.0 | 374695.0 | 374695.0 | 387519.74 | 372026.67 | 
2018-06-07 20:10:06 [INFO] | RESUMEN | 382000.0 | 391704.0 | 374695.0 | 374695.0 | 374695.0 | 387513.07 | 372026.67 | 
2018-06-07 20:10:39 [INFO] | RESUMEN | 382000.0 | 391704.0 | 374695.0 | 374695.0 | 374695.0 | 387513.07 | 372060.0 | 
2018-06-07 20:11:28 [INFO] | RESUMEN | 382000.0 | 391704.0 | 374695.0 | 374695.0 | 374695.0 | 387506.41 | 372060.0 | 
2018-06-07 20:12:20 [INFO] | RESUMEN | 382000.0 | 391704.0 | 374695.0 | 374695.0 | 374695.0 | 387506.41 | 372426.67 | 
2018-06-07 20:12:57 [INFO] | RESUMEN | 382000.0 | 391704.0 | 374695.0 | 374695.0 | 374695.0 | 387493.08 | 372426.67 | 
2018-06-07 20:13:36 [INFO] | RESUMEN | 382000.0 | 391704.0 | 374695.0 | 374695.0 | 374695.0 | 387493.08 | 372433.33 | 
2018-06-07 20:14:23 [INFO] | RESUMEN | 382000.0 | 391704.0 | 374695.0 | 374695.0 | 374695.0 | 387486.41 | 372433.33 | 
2018-06-07 20:14:53 [INFO] | RESUMEN | 382000.0 | 391704.0 | 374695.0 | 374695.0 | 374695.0 | 387479.74 | 372433.33 | 
2018-06-07 20:17:06 [INFO] | RESUMEN | 382000.0 | 391704.0 | 374695.0 | 374695.0 | 374695.0 | 387479.74 | 372426.67 | 
2018-06-07 20:17:46 [INFO] | RESUMEN | 382000.0 | 391704.0 | 374695.0 | 374695.0 | 374695.0 | 387479.74 | 372446.67 | 
2018-06-07 20:18:49 [INFO] Error inesperado: float division by zero
2018-06-07 20:21:25 [INFO] | RESUMEN | 382000.0 | 391704.0 | 374695.0 | 374695.0 | 374695.0 | 387479.74 | 372426.67 | 
2018-06-07 20:22:03 [INFO] | RESUMEN | 382000.0 | 391704.0 | 374695.0 | 374695.0 | 374695.0 | 387479.74 | 372433.33 | 
2018-06-07 20:24:47 [INFO] | RESUMEN | 382000.0 | 391704.0 | 374695.0 | 374695.0 | 374695.0 | 387479.74 | 373653.33 | 
2018-06-07 20:25:45 [INFO] | RESUMEN | 382000.0 | 391704.0 | 374695.0 | 374695.0 | 374695.0 | 387479.74 | 373660.0 | 
2018-06-07 20:29:22 [INFO] | RESUMEN | 382000.0 | 391704.0 | 374695.0 | 374695.0 | 374695.0 | 387479.74 | 373653.33 | 
2018-06-07 20:30:02 [INFO] | RESUMEN | 382000.0 | 391704.0 | 374695.0 | 374695.0 | 374695.0 | 387479.74 | 373666.67 | 
2018-06-07 20:32:40 [INFO] | RESUMEN | 382000.0 | 391704.0 | 374695.0 | 374695.0 | 374695.0 | 387839.74 | 373666.67 | 
2018-06-07 20:32:44 [INFO] | RESUMEN | 384383.0 | 384734.0 | 384383.0 | 384734.0 | 374695.0 | 387839.74 | 373666.67 | 
2018-06-07 20:32:59 [INFO] Error inesperado: float division by zero
2018-06-07 20:33:07 [INFO] | RESUMEN | 384383.0 | 384734.0 | 384383.0 | 384734.0 | 384734.0 | 387839.74 | 373666.67 | 
2018-06-07 20:34:14 [INFO] | RESUMEN | 384383.0 | 384734.0 | 384383.0 | 384734.0 | 384734.0 | 387839.74 | 373680.0 | 
2018-06-07 20:35:00 [INFO] | RESUMEN | 384383.0 | 384734.0 | 384383.0 | 384734.0 | 384734.0 | 387839.74 | 373673.33 | 
2018-06-07 20:36:24 [INFO] | RESUMEN | 384383.0 | 384734.0 | 384383.0 | 384734.0 | 384734.0 | 387839.74 | 373686.67 | 
2018-06-07 20:36:35 [INFO] Error inesperado: float division by zero
2018-06-07 20:38:30 [INFO] | RESUMEN | 384383.0 | 384734.0 | 384383.0 | 384734.0 | 384734.0 | 387839.74 | 373700.0 | 
2018-06-07 20:39:10 [INFO] | RESUMEN | 384383.0 | 384734.0 | 384383.0 | 384734.0 | 384734.0 | 387839.74 | 373693.33 | 
2018-06-07 20:40:05 [INFO] Error inesperado: float division by zero
2018-06-07 20:40:11 [INFO] Error inesperado: float division by zero
2018-06-07 20:40:38 [INFO] | RESUMEN | 384383.0 | 384734.0 | 384383.0 | 384734.0 | 384734.0 | 387839.74 | 373706.67 | 
2018-06-07 20:40:41 [INFO] | RESUMEN | 384383.0 | 384734.0 | 376657.66 | 376657.66 | 384734.0 | 387839.74 | 373646.67 | 
2018-06-07 20:41:08 [INFO] | RESUMEN | 384383.0 | 384734.0 | 376657.66 | 376657.66 | 384734.0 | 387833.07 | 373646.67 | 
2018-06-07 20:41:24 [INFO] | RESUMEN | 384383.0 | 384734.0 | 376657.66 | 376657.66 | 376657.66 | 387833.07 | 373646.67 | 
2018-06-07 20:42:22 [INFO] Error inesperado: float division by zero
2018-06-07 20:42:34 [INFO] | RESUMEN | 384383.0 | 384734.0 | 376657.66 | 376657.66 | 376657.66 | 387833.07 | 374700.0 | 
2018-06-07 20:47:44 [INFO] Error inesperado: float division by zero
2018-06-07 20:47:48 [INFO] | RESUMEN | 384383.0 | 384734.0 | 376657.66 | 376657.66 | 376657.66 | 387833.07 | 374720.0 | 
2018-06-07 20:48:20 [INFO] Error inesperado: float division by zero
2018-06-07 20:49:32 [INFO] Error inesperado: float division by zero
2018-06-07 21:00:01 [INFO] Error inesperado: float division by zero
2018-06-07 21:03:17 [INFO] | RESUMEN | 384383.0 | 384734.0 | 376657.66 | 376657.66 | 376657.66 | 387833.07 | 375313.33 | 
2018-06-07 21:07:22 [INFO] Error inesperado: float division by zero
2018-06-07 21:08:24 [INFO] Error inesperado: float division by zero
2018-06-07 21:12:17 [INFO] Error inesperado: float division by zero
2018-06-07 21:12:24 [INFO] Error inesperado: float division by zero
2018-06-07 21:12:45 [INFO] | RESUMEN | 384383.0 | 384734.0 | 376657.66 | 376657.66 | 376657.66 | 387833.07 | 375320.0 | 
2018-06-07 21:12:49 [INFO] | RESUMEN | 384383.0 | 384734.0 | 376657.66 | 378340.69 | 376657.66 | 387833.07 | 375320.0 | 
2018-06-07 21:13:12 [INFO] | RESUMEN | 384383.0 | 384734.0 | 376657.66 | 378340.69 | 378340.69 | 387833.07 | 375320.0 | 
2018-06-07 21:15:24 [INFO] Error inesperado: float division by zero
2018-06-07 21:17:35 [INFO] Error inesperado: float division by zero
2018-06-07 21:17:41 [INFO] Error inesperado: float division by zero
2018-06-07 21:18:46 [INFO] Error inesperado: float division by zero
2018-06-07 21:20:16 [INFO] Error inesperado: float division by zero
2018-06-07 21:33:02 [INFO] Error inesperado: float division by zero
2018-06-07 21:54:23 [INFO] Error inesperado: float division by zero
2018-06-07 21:54:27 [INFO] | RESUMEN | 384383.0 | 384734.0 | 376657.66 | 384733.0 | 384733.0 | 387833.07 | 375320.0 | 
2018-06-07 22:12:56 [INFO] Error inesperado: float division by zero
2018-06-07 22:32:22 [INFO] Error inesperado: float division by zero
2018-06-07 22:48:14 [INFO] Error inesperado: float division by zero
2018-06-07 22:50:17 [INFO] Error inesperado: float division by zero
2018-06-07 22:54:39 [INFO] Error inesperado: float division by zero
2018-06-07 22:59:36 [INFO] Error inesperado: float division by zero
2018-06-07 23:11:29 [INFO] | RESUMEN | 384383.0 | 384734.0 | 376657.66 | 384733.0 | 384733.0 | 387826.41 | 375320.0 | 
2018-06-07 23:12:58 [INFO] | RESUMEN | 384383.0 | 384734.0 | 376657.66 | 384733.0 | 384733.0 | 387813.07 | 375320.0 | 
2018-06-07 23:13:48 [INFO] Error inesperado: float division by zero
2018-06-07 23:14:20 [INFO] | RESUMEN | 384383.0 | 384734.0 | 376657.66 | 384733.0 | 384733.0 | 387806.41 | 375320.0 | 
2018-06-07 23:14:44 [INFO] | RESUMEN | 384383.0 | 384734.0 | 376657.66 | 384733.0 | 384733.0 | 387799.74 | 375320.0 | 
2018-06-07 23:15:48 [INFO] | RESUMEN | 384383.0 | 384734.0 | 376657.66 | 384733.0 | 384733.0 | 387793.07 | 375320.0 | 
2018-06-07 23:17:14 [INFO] | RESUMEN | 384383.0 | 384734.0 | 376657.66 | 384733.0 | 384733.0 | 387779.74 | 375320.0 | 
2018-06-07 23:19:18 [INFO] | RESUMEN | 384383.0 | 384734.0 | 376657.66 | 384733.0 | 384733.0 | 387773.07 | 375320.0 | 
2018-06-07 23:19:56 [INFO] | RESUMEN | 384383.0 | 384734.0 | 376657.66 | 384733.0 | 384733.0 | 387839.74 | 375320.0 | 
2018-06-07 23:19:59 [INFO] | RESUMEN | 384383.0 | 384734.0 | 376657.66 | 384733.0 | 384733.0 | 387773.07 | 375320.0 | 
2018-06-07 23:20:02 [INFO] | RESUMEN | 384383.0 | 384734.0 | 376657.66 | 384733.0 | 384733.0 | 387766.41 | 375320.0 | 
2018-06-07 23:21:24 [INFO] | RESUMEN | 384383.0 | 384734.0 | 376657.66 | 384733.0 | 384733.0 | 387759.74 | 375320.0 | 
2018-06-07 23:22:01 [INFO] | RESUMEN | 384383.0 | 384734.0 | 376657.66 | 384733.0 | 384733.0 | 387839.74 | 375320.0 | 
2018-06-07 23:22:05 [INFO] | RESUMEN | 384383.0 | 384734.0 | 376657.66 | 384733.0 | 384733.0 | 387759.74 | 375320.0 | 
2018-06-07 23:23:24 [INFO] | RESUMEN | 384383.0 | 384734.0 | 376657.66 | 384733.0 | 384733.0 | 387746.41 | 375320.0 | 
2018-06-07 23:25:34 [INFO] | RESUMEN | 384383.0 | 384734.0 | 376657.66 | 384733.0 | 384733.0 | 387739.74 | 375320.0 | 
2018-06-07 23:25:57 [INFO] | RESUMEN | 384383.0 | 384734.0 | 376657.66 | 384733.0 | 384733.0 | 387733.07 | 375320.0 | 
2018-06-07 23:27:14 [INFO] Error inesperado: float division by zero
2018-06-07 23:27:35 [INFO] | RESUMEN | 384383.0 | 384734.0 | 376657.66 | 384733.0 | 384733.0 | 387726.41 | 375320.0 | 
2018-06-07 23:29:05 [INFO] | RESUMEN | 384383.0 | 384734.0 | 376657.66 | 384733.0 | 384733.0 | 387713.07 | 375320.0 | 
2018-06-07 23:30:31 [INFO] | RESUMEN | 384383.0 | 384734.0 | 376657.66 | 384733.0 | 384733.0 | 387706.41 | 375320.0 | 
2018-06-07 23:31:12 [INFO] | RESUMEN | 384383.0 | 384734.0 | 376657.66 | 384733.0 | 384733.0 | 387699.74 | 375320.0 | 
2018-06-07 23:32:39 [INFO] | RESUMEN | 384383.0 | 384734.0 | 376657.66 | 384733.0 | 384733.0 | 387693.07 | 375320.0 | 
2018-06-07 23:33:09 [INFO] Error inesperado: float division by zero
2018-06-07 23:38:10 [INFO] Error inesperado: float division by zero
2018-06-07 23:48:38 [INFO] Error inesperado: float division by zero
2018-06-07 23:49:24 [INFO] | RESUMEN | 384383.0 | 384734.0 | 376657.66 | 384733.0 | 384733.0 | 387679.74 | 375320.0 | 
2018-06-07 23:50:36 [INFO] | RESUMEN | 384383.0 | 384734.0 | 376657.66 | 384733.0 | 384733.0 | 387679.74 | 375313.33 | 
2018-06-07 23:51:00 [INFO] | RESUMEN | 384383.0 | 384734.0 | 376657.66 | 384733.0 | 384733.0 | 387673.07 | 375313.33 | 
2018-06-07 23:51:14 [INFO] | RESUMEN | 384383.0 | 384734.0 | 376657.66 | 384733.0 | 384733.0 | 387673.07 | 375320.0 | 
2018-06-07 23:51:24 [INFO] | RESUMEN | 384383.0 | 384734.0 | 376657.66 | 384733.0 | 384733.0 | 387666.41 | 375320.0 | 
2018-06-07 23:51:38 [INFO] | RESUMEN | 384383.0 | 384734.0 | 376657.66 | 384733.0 | 384733.0 | 387659.74 | 375320.0 | 
2018-06-07 23:52:05 [INFO] | RESUMEN | 384383.0 | 384734.0 | 376657.66 | 384733.0 | 384733.0 | 387659.74 | 375313.33 | 
2018-06-07 23:52:57 [INFO] | RESUMEN | 384383.0 | 384734.0 | 376657.66 | 384733.0 | 384733.0 | 387646.41 | 375313.33 | 
2018-06-07 23:53:42 [INFO] | RESUMEN | 384383.0 | 384734.0 | 376657.66 | 384733.0 | 384733.0 | 387639.74 | 375313.33 | 
2018-06-07 23:54:15 [INFO] | RESUMEN | 384383.0 | 384734.0 | 376657.66 | 384733.0 | 384733.0 | 387633.07 | 375313.33 | 
2018-06-07 23:55:03 [INFO] | RESUMEN | 384383.0 | 384734.0 | 376657.66 | 384733.0 | 384733.0 | 387626.41 | 375313.33 | 
2018-06-07 23:55:43 [INFO] | RESUMEN | 384383.0 | 384734.0 | 376657.66 | 384733.0 | 384733.0 | 388106.41 | 375313.33 | 
2018-06-07 23:55:46 [INFO] | RESUMEN | 384383.0 | 384734.0 | 376657.66 | 384733.0 | 384733.0 | 387626.41 | 375313.33 | 
2018-06-07 23:57:09 [INFO] | RESUMEN | 384383.0 | 384734.0 | 376657.66 | 384733.0 | 384733.0 | 387613.07 | 375313.33 | 
2018-06-07 23:57:44 [INFO] | RESUMEN | 384383.0 | 384734.0 | 376657.66 | 384733.0 | 384733.0 | 388106.41 | 375313.33 | 
2018-06-07 23:57:48 [INFO] | RESUMEN | 384383.0 | 384734.0 | 376657.66 | 384733.0 | 384733.0 | 387613.07 | 375313.33 | 
2018-06-07 23:59:10 [INFO] | RESUMEN | 384383.0 | 384734.0 | 376657.66 | 384733.0 | 384733.0 | 387606.41 | 375313.33 | 
2018-06-07 23:59:49 [INFO] | RESUMEN | 384383.0 | 384734.0 | 376657.66 | 384733.0 | 384733.0 | 388106.41 | 375313.33 | 
2018-06-07 23:59:52 [INFO] | RESUMEN | 384383.0 | 384734.0 | 376657.66 | 384733.0 | 384733.0 | 387606.41 | 375313.33 | 
2018-06-08 00:00:09 [INFO] | RESUMEN | 384383.0 | 384734.0 | 376657.66 | 384733.0 | 384733.0 | 387599.74 | 375313.33 | 
2018-06-08 00:01:26 [INFO] Error inesperado: float division by zero
2018-06-08 00:01:37 [INFO] | RESUMEN | 384383.0 | 384734.0 | 376657.66 | 384733.0 | 384733.0 | 387593.07 | 375313.33 | 
2018-06-08 00:01:53 [INFO] | RESUMEN | 384383.0 | 384734.0 | 376657.66 | 384733.0 | 384733.0 | 387599.74 | 375313.33 | 
2018-06-08 00:01:57 [INFO] | RESUMEN | 384383.0 | 384734.0 | 376657.66 | 384733.0 | 384733.0 | 387593.07 | 375313.33 | 
2018-06-08 00:03:19 [INFO] | RESUMEN | 384383.0 | 384734.0 | 376657.66 | 384733.0 | 384733.0 | 387579.74 | 375313.33 | 
2018-06-08 00:03:51 [INFO] | RESUMEN | 384383.0 | 384734.0 | 376657.66 | 384733.0 | 384733.0 | 387486.41 | 375313.33 | 
2018-06-08 00:05:16 [INFO] | RESUMEN | 384383.0 | 384734.0 | 376657.66 | 384733.0 | 384733.0 | 387473.08 | 375313.33 | 
2018-06-08 00:06:38 [INFO] | RESUMEN | 384383.0 | 384734.0 | 376657.66 | 384733.0 | 384733.0 | 387466.41 | 375313.33 | 
2018-06-08 00:07:00 [INFO] Error inesperado: float division by zero
2018-06-08 00:07:03 [INFO] | RESUMEN | 384383.0 | 384734.0 | 376657.66 | 384733.0 | 384733.0 | 387459.74 | 375313.33 | 
2018-06-08 00:08:18 [INFO] | RESUMEN | 384383.0 | 384734.0 | 376657.66 | 384733.0 | 384733.0 | 387453.08 | 375313.33 | 
2018-06-08 00:08:58 [INFO] | RESUMEN | 384383.0 | 384734.0 | 376657.66 | 384733.0 | 384733.0 | 387486.41 | 375313.33 | 
2018-06-08 00:09:02 [INFO] | RESUMEN | 384383.0 | 384734.0 | 376657.66 | 384733.0 | 384733.0 | 387453.08 | 375313.33 | 
2018-06-08 00:10:20 [INFO] | RESUMEN | 384383.0 | 384734.0 | 376657.66 | 384733.0 | 384733.0 | 387439.74 | 375313.33 | 
2018-06-08 00:12:31 [INFO] | RESUMEN | 384383.0 | 384734.0 | 376657.66 | 384733.0 | 384733.0 | 387433.08 | 375313.33 | 
2018-06-08 00:13:12 [INFO] | RESUMEN | 384383.0 | 384734.0 | 376657.66 | 384733.0 | 384733.0 | 387426.41 | 375313.33 | 
2018-06-08 00:14:39 [INFO] | RESUMEN | 384383.0 | 384734.0 | 376657.66 | 384733.0 | 384733.0 | 387419.74 | 375313.33 | 
2018-06-08 00:16:46 [INFO] | RESUMEN | 384383.0 | 384734.0 | 376657.66 | 384733.0 | 384733.0 | 387406.41 | 375313.33 | 
2018-06-08 00:17:24 [INFO] | RESUMEN | 384383.0 | 384734.0 | 376657.66 | 384733.0 | 384733.0 | 387419.74 | 375313.33 | 
2018-06-08 00:17:27 [INFO] | RESUMEN | 384383.0 | 384734.0 | 376657.66 | 384733.0 | 384733.0 | 387406.41 | 375313.33 | 
2018-06-08 00:18:09 [INFO] | RESUMEN | 384383.0 | 384734.0 | 376657.66 | 384733.0 | 384733.0 | 387379.74 | 375313.33 | 
2018-06-08 00:19:35 [INFO] | RESUMEN | 384383.0 | 384734.0 | 376657.66 | 384733.0 | 384733.0 | 387373.08 | 375313.33 | 
2018-06-08 00:20:59 [INFO] | RESUMEN | 384383.0 | 384734.0 | 376657.66 | 384733.0 | 384733.0 | 387359.74 | 375313.33 | 
2018-06-08 00:21:38 [INFO] | RESUMEN | 384383.0 | 384734.0 | 376657.66 | 384733.0 | 384733.0 | 387379.74 | 375313.33 | 
2018-06-08 00:21:42 [INFO] | RESUMEN | 384383.0 | 384734.0 | 376657.66 | 384733.0 | 384733.0 | 387359.74 | 375313.33 | 
2018-06-08 00:21:44 [INFO] Error inesperado: float division by zero
2018-06-08 00:22:23 [INFO] | RESUMEN | 384383.0 | 384734.0 | 376657.66 | 384733.0 | 384733.0 | 387346.41 | 375313.33 | 
2018-06-08 00:23:01 [INFO] | RESUMEN | 384383.0 | 384734.0 | 376657.66 | 384733.0 | 384733.0 | 387379.74 | 375313.33 | 
2018-06-08 00:23:04 [INFO] | RESUMEN | 384383.0 | 384734.0 | 376657.66 | 384733.0 | 384733.0 | 387346.41 | 375313.33 | 
2018-06-08 00:23:47 [INFO] | RESUMEN | 384383.0 | 384734.0 | 376657.66 | 384733.0 | 384733.0 | 387379.74 | 375313.33 | 
2018-06-08 00:23:50 [INFO] | RESUMEN | 384383.0 | 384734.0 | 376657.66 | 384733.0 | 384733.0 | 387346.41 | 375313.33 | 
2018-06-08 00:24:28 [INFO] | RESUMEN | 384383.0 | 384734.0 | 376657.66 | 384733.0 | 384733.0 | 387339.74 | 375313.33 | 
2018-06-08 00:25:53 [INFO] | RESUMEN | 384383.0 | 384734.0 | 376657.66 | 384733.0 | 384733.0 | 387326.41 | 375313.33 | 
2018-06-08 00:27:56 [INFO] | RESUMEN | 384383.0 | 384734.0 | 376657.66 | 384733.0 | 384733.0 | 387313.08 | 375313.33 | 
2018-06-08 00:30:01 [INFO] | RESUMEN | 384383.0 | 384734.0 | 376657.66 | 384733.0 | 384733.0 | 387306.41 | 375313.33 | 
2018-06-08 00:30:38 [INFO] | RESUMEN | 384383.0 | 384734.0 | 376657.66 | 384733.0 | 384733.0 | 387606.41 | 375313.33 | 
2018-06-08 00:30:41 [INFO] | RESUMEN | 384383.0 | 384734.0 | 376657.66 | 384733.0 | 384733.0 | 387306.41 | 375313.33 | 
2018-06-08 00:31:19 [INFO] | RESUMEN | 384383.0 | 384734.0 | 376657.66 | 384733.0 | 384733.0 | 387599.74 | 375313.33 | 
2018-06-08 00:31:22 [INFO] | RESUMEN | 384383.0 | 384734.0 | 376657.66 | 384733.0 | 384733.0 | 387306.41 | 375313.33 | 
2018-06-08 00:32:47 [INFO] | RESUMEN | 384383.0 | 384734.0 | 376657.66 | 384733.0 | 384733.0 | 387293.08 | 375313.33 | 
2018-06-08 00:33:27 [INFO] | RESUMEN | 384383.0 | 384734.0 | 376657.66 | 384733.0 | 384733.0 | 387606.41 | 375313.33 | 
2018-06-08 00:33:30 [INFO] | RESUMEN | 384383.0 | 384734.0 | 376657.66 | 384733.0 | 384733.0 | 387293.08 | 375313.33 | 
2018-06-08 00:34:55 [INFO] | RESUMEN | 384383.0 | 384734.0 | 376657.66 | 384733.0 | 384733.0 | 387279.74 | 375313.33 | 
2018-06-08 00:35:34 [INFO] | RESUMEN | 384383.0 | 384734.0 | 376657.66 | 384733.0 | 384733.0 | 387606.41 | 375313.33 | 
2018-06-08 00:35:37 [INFO] | RESUMEN | 384383.0 | 384734.0 | 376657.66 | 384733.0 | 384733.0 | 387279.74 | 375313.33 | 
2018-06-08 00:37:08 [INFO] | RESUMEN | 384383.0 | 384734.0 | 376657.66 | 384733.0 | 384733.0 | 387273.08 | 375313.33 | 
2018-06-08 00:37:46 [INFO] | RESUMEN | 384383.0 | 384734.0 | 376657.66 | 384733.0 | 384733.0 | 387606.41 | 375313.33 | 
2018-06-08 00:37:53 [INFO] | RESUMEN | 384383.0 | 384734.0 | 376657.66 | 384733.0 | 384733.0 | 387273.08 | 375313.33 | 
2018-06-08 00:39:11 [INFO] | RESUMEN | 384383.0 | 384734.0 | 376657.66 | 384733.0 | 384733.0 | 387259.74 | 375313.33 | 
2018-06-08 00:39:49 [INFO] | RESUMEN | 384383.0 | 384734.0 | 376657.66 | 384733.0 | 384733.0 | 387273.08 | 375313.33 | 
2018-06-08 00:39:53 [INFO] | RESUMEN | 384383.0 | 384734.0 | 376657.66 | 384733.0 | 384733.0 | 387259.74 | 375313.33 | 
2018-06-08 00:41:16 [INFO] | RESUMEN | 384383.0 | 384734.0 | 376657.66 | 384733.0 | 384733.0 | 387246.41 | 375313.33 | 
2018-06-08 00:43:20 [INFO] | RESUMEN | 384383.0 | 384734.0 | 376657.66 | 384733.0 | 384733.0 | 387239.74 | 375313.33 | 
2018-06-08 00:43:58 [INFO] | RESUMEN | 384383.0 | 384734.0 | 376657.66 | 384733.0 | 384733.0 | 387606.41 | 375313.33 | 
2018-06-08 00:44:01 [INFO] | RESUMEN | 384383.0 | 384734.0 | 376657.66 | 384733.0 | 384733.0 | 387239.74 | 375313.33 | 
2018-06-08 00:44:38 [INFO] | RESUMEN | 384383.0 | 384734.0 | 376657.66 | 384733.0 | 384733.0 | 387599.74 | 375313.33 | 
2018-06-08 00:44:41 [INFO] | RESUMEN | 384383.0 | 384734.0 | 376657.66 | 384733.0 | 384733.0 | 387239.74 | 375313.33 | 
2018-06-08 00:46:05 [INFO] | RESUMEN | 384383.0 | 384734.0 | 376657.66 | 384733.0 | 384733.0 | 387226.41 | 375313.33 | 
2018-06-08 00:46:31 [INFO] Error inesperado: float division by zero
2018-06-08 00:46:45 [INFO] | RESUMEN | 384383.0 | 384734.0 | 376657.66 | 384733.0 | 384733.0 | 387239.74 | 375313.33 | 
2018-06-08 00:46:48 [INFO] | RESUMEN | 384383.0 | 384734.0 | 376657.66 | 384733.0 | 384733.0 | 387226.41 | 375313.33 | 
2018-06-08 00:46:54 [INFO] Error inesperado: float division by zero
2018-06-08 00:48:10 [INFO] | RESUMEN | 384383.0 | 384734.0 | 376657.66 | 384733.0 | 384733.0 | 387213.08 | 375313.33 | 
2018-06-08 00:48:50 [INFO] | RESUMEN | 384383.0 | 384734.0 | 376657.66 | 384733.0 | 384733.0 | 387226.41 | 375313.33 | 
2018-06-08 00:48:54 [INFO] | RESUMEN | 384383.0 | 384734.0 | 376657.66 | 384733.0 | 384733.0 | 387213.08 | 375313.33 | 
2018-06-08 00:49:33 [INFO] | RESUMEN | 384383.0 | 384734.0 | 376657.66 | 384733.0 | 384733.0 | 387226.41 | 375313.33 | 
2018-06-08 00:49:36 [INFO] | RESUMEN | 384383.0 | 384734.0 | 376657.66 | 384733.0 | 384733.0 | 387213.08 | 375313.33 | 
2018-06-08 00:50:13 [INFO] | RESUMEN | 384383.0 | 384734.0 | 376657.66 | 384733.0 | 384733.0 | 387226.41 | 375313.33 | 
2018-06-08 00:50:16 [INFO] | RESUMEN | 384383.0 | 384734.0 | 376657.66 | 384733.0 | 384733.0 | 387213.08 | 375313.33 | 
2018-06-08 00:51:44 [INFO] | RESUMEN | 384383.0 | 384734.0 | 376657.66 | 384733.0 | 384733.0 | 387206.41 | 375313.33 | 
2018-06-08 00:53:28 [INFO] Error inesperado: float division by zero
2018-06-08 00:53:45 [INFO] | RESUMEN | 384383.0 | 384734.0 | 376657.66 | 384733.0 | 384733.0 | 387193.08 | 375313.33 | 
2018-06-08 00:54:43 [INFO] | RESUMEN | 384383.0 | 384734.0 | 376657.66 | 384733.0 | 384733.0 | 387606.41 | 375313.33 | 
2018-06-08 00:54:52 [INFO] | RESUMEN | 384383.0 | 384734.0 | 376657.66 | 384733.0 | 384733.0 | 387193.08 | 375313.33 | 
2018-06-08 00:55:48 [INFO] | RESUMEN | 384383.0 | 384734.0 | 376657.66 | 384733.0 | 384733.0 | 387179.74 | 375313.33 | 
2018-06-08 00:56:31 [INFO] | RESUMEN | 384383.0 | 384734.0 | 376657.66 | 384733.0 | 384733.0 | 387606.41 | 375313.33 | 
2018-06-08 00:56:34 [INFO] | RESUMEN | 384383.0 | 384734.0 | 376657.66 | 384733.0 | 384733.0 | 387179.74 | 375313.33 | 
2018-06-08 00:57:54 [INFO] | RESUMEN | 384383.0 | 384734.0 | 376657.66 | 384733.0 | 384733.0 | 387173.08 | 375313.33 | 
2018-06-08 00:59:18 [INFO] | RESUMEN | 384383.0 | 384734.0 | 376657.66 | 384733.0 | 384733.0 | 387159.74 | 375313.33 | 
2018-06-08 01:00:41 [INFO] | RESUMEN | 384383.0 | 384734.0 | 376657.66 | 384733.0 | 384733.0 | 387146.41 | 375313.33 | 
2018-06-08 01:02:45 [INFO] | RESUMEN | 384383.0 | 384734.0 | 376657.66 | 384733.0 | 384733.0 | 387139.74 | 375313.33 | 
2018-06-08 01:03:23 [INFO] | RESUMEN | 384383.0 | 384734.0 | 376657.66 | 384733.0 | 384733.0 | 387606.41 | 375313.33 | 
2018-06-08 01:03:27 [INFO] | RESUMEN | 384383.0 | 384734.0 | 376657.66 | 384733.0 | 384733.0 | 387139.74 | 375313.33 | 
2018-06-08 01:04:52 [INFO] | RESUMEN | 384383.0 | 384734.0 | 376657.66 | 384733.0 | 384733.0 | 387126.41 | 375313.33 | 
2018-06-08 01:05:30 [INFO] | RESUMEN | 384383.0 | 384734.0 | 376657.66 | 384733.0 | 384733.0 | 387606.41 | 375313.33 | 
2018-06-08 01:05:34 [INFO] | RESUMEN | 384383.0 | 384734.0 | 376657.66 | 384733.0 | 384733.0 | 387126.41 | 375313.33 | 
2018-06-08 01:06:58 [INFO] | RESUMEN | 384383.0 | 384734.0 | 376657.66 | 384733.0 | 384733.0 | 387113.08 | 375313.33 | 
2018-06-08 01:07:37 [INFO] | RESUMEN | 384383.0 | 384734.0 | 376657.66 | 384733.0 | 384733.0 | 387606.41 | 375313.33 | 
2018-06-08 01:07:40 [INFO] | RESUMEN | 384383.0 | 384734.0 | 376657.66 | 384733.0 | 384733.0 | 387113.08 | 375313.33 | 
2018-06-08 01:09:06 [INFO] | RESUMEN | 384383.0 | 384734.0 | 376657.66 | 384733.0 | 384733.0 | 387106.41 | 375313.33 | 
2018-06-08 01:09:39 [INFO] | RESUMEN | 384383.0 | 384734.0 | 376657.66 | 384733.0 | 384733.0 | 387113.08 | 375313.33 | 
2018-06-08 01:09:42 [INFO] | RESUMEN | 384383.0 | 384734.0 | 376657.66 | 384733.0 | 384733.0 | 387106.41 | 375313.33 | 
2018-06-08 01:11:05 [INFO] | RESUMEN | 384383.0 | 384734.0 | 376657.66 | 384733.0 | 384733.0 | 387093.08 | 375313.33 | 
2018-06-08 01:11:42 [INFO] | RESUMEN | 384383.0 | 384734.0 | 376657.66 | 384733.0 | 384733.0 | 387106.41 | 375313.33 | 
2018-06-08 01:11:46 [INFO] | RESUMEN | 384383.0 | 384734.0 | 376657.66 | 384733.0 | 384733.0 | 387093.08 | 375313.33 | 
2018-06-08 01:13:46 [INFO] | RESUMEN | 384383.0 | 384734.0 | 376657.66 | 384733.0 | 384733.0 | 387079.74 | 375313.33 | 
2018-06-08 01:15:13 [INFO] | RESUMEN | 384383.0 | 384734.0 | 376657.66 | 384733.0 | 384733.0 | 387073.08 | 375313.33 | 
2018-06-08 01:15:54 [INFO] | RESUMEN | 384383.0 | 384734.0 | 376657.66 | 384733.0 | 384733.0 | 387059.74 | 375313.33 | 
2018-06-08 01:17:18 [INFO] | RESUMEN | 384383.0 | 384734.0 | 376657.66 | 384733.0 | 384733.0 | 387046.41 | 375313.33 | 
2018-06-08 01:19:25 [INFO] | RESUMEN | 384383.0 | 384734.0 | 376657.66 | 384733.0 | 384733.0 | 387039.74 | 375313.33 | 
2018-06-08 01:20:49 [INFO] | RESUMEN | 384383.0 | 384734.0 | 376657.66 | 384733.0 | 384733.0 | 387606.41 | 375313.33 | 
2018-06-08 01:20:53 [INFO] | RESUMEN | 384383.0 | 384734.0 | 376657.66 | 384733.0 | 384733.0 | 387039.74 | 375313.33 | 
2018-06-08 01:22:11 [INFO] | RESUMEN | 384383.0 | 384734.0 | 376657.66 | 384733.0 | 384733.0 | 387026.41 | 375313.33 | 
2018-06-08 01:24:17 [INFO] | RESUMEN | 384383.0 | 384734.0 | 376657.66 | 384733.0 | 384733.0 | 387013.08 | 375313.33 | 
2018-06-08 01:26:21 [INFO] | RESUMEN | 384383.0 | 384734.0 | 376657.66 | 384733.0 | 384733.0 | 387006.41 | 375313.33 | 
2018-06-08 01:26:58 [INFO] | RESUMEN | 384383.0 | 384734.0 | 376657.66 | 384733.0 | 384733.0 | 387606.41 | 375313.33 | 
2018-06-08 01:27:02 [INFO] | RESUMEN | 384383.0 | 384734.0 | 376657.66 | 384733.0 | 384733.0 | 387006.41 | 375313.33 | 
2018-06-08 01:28:25 [INFO] | RESUMEN | 384383.0 | 384734.0 | 376657.66 | 384733.0 | 384733.0 | 386993.08 | 375313.33 | 
2018-06-08 01:28:44 [INFO] Error inesperado: float division by zero
2018-06-08 01:30:30 [INFO] | RESUMEN | 384383.0 | 384734.0 | 376657.66 | 384733.0 | 384733.0 | 386979.74 | 375313.33 | 
2018-06-08 01:30:50 [INFO] | RESUMEN | 384383.0 | 386820.6 | 376657.66 | 386820.6 | 386820.6 | 389939.74 | 375313.33 | 
2018-06-08 01:31:09 [INFO] | RESUMEN | 384383.0 | 386820.6 | 376657.66 | 386820.6 | 386820.6 | 389933.07 | 375326.67 | 
2018-06-08 01:31:49 [INFO] | RESUMEN | 384383.0 | 386820.6 | 376657.66 | 386820.6 | 386820.6 | 389926.41 | 375326.67 | 
2018-06-08 01:32:32 [INFO] | RESUMEN | 384383.0 | 386820.6 | 376657.66 | 386820.6 | 386820.6 | 389919.74 | 375326.67 | 
2018-06-08 01:33:10 [INFO] | RESUMEN | 384383.0 | 386820.6 | 376657.66 | 386820.6 | 386820.6 | 389939.74 | 375326.67 | 
2018-06-08 01:33:13 [INFO] | RESUMEN | 384383.0 | 386820.6 | 376657.66 | 386820.6 | 386820.6 | 389919.74 | 375326.67 | 
2018-06-08 01:34:29 [INFO] | RESUMEN | 384383.0 | 386820.6 | 376657.66 | 386820.6 | 386820.6 | 389919.74 | 375313.33 | 
2018-06-08 01:35:10 [INFO] | RESUMEN | 384383.0 | 386820.6 | 376657.66 | 386820.6 | 386820.6 | 389906.41 | 375313.33 | 
2018-06-08 01:35:14 [INFO] | RESUMEN | 384383.0 | 386820.6 | 376657.66 | 386820.6 | 386820.6 | 389906.41 | 375326.67 | 
2018-06-08 01:36:40 [INFO] | RESUMEN | 384383.0 | 386820.6 | 376657.66 | 386820.6 | 386820.6 | 389899.74 | 375326.67 | 
2018-06-08 01:36:58 [INFO] | RESUMEN | 384383.0 | 386820.6 | 376657.66 | 386820.6 | 386820.6 | 389893.07 | 375326.67 | 
2018-06-08 01:37:21 [INFO] | RESUMEN | 384383.0 | 386820.6 | 376657.66 | 386820.6 | 386820.6 | 389886.41 | 375326.67 | 
2018-06-08 01:39:23 [INFO] | RESUMEN | 384383.0 | 386820.6 | 376657.66 | 386820.6 | 386820.6 | 389873.07 | 375333.33 | 
2018-06-08 01:40:01 [INFO] | RESUMEN | 384383.0 | 386820.6 | 376657.66 | 386820.6 | 386820.6 | 389993.07 | 375333.33 | 
2018-06-08 01:40:05 [INFO] | RESUMEN | 384383.0 | 386820.6 | 376657.66 | 386820.6 | 386820.6 | 389873.07 | 375333.33 | 
2018-06-08 01:41:04 [INFO] Error inesperado: float division by zero
2018-06-08 01:41:24 [INFO] | RESUMEN | 384383.0 | 386820.6 | 376657.66 | 386820.6 | 386820.6 | 389866.41 | 375333.33 | 
2018-06-08 01:42:11 [INFO] | RESUMEN | 384383.0 | 386820.6 | 376657.66 | 386820.6 | 386820.6 | 389859.74 | 375333.33 | 
2018-06-08 01:42:25 [INFO] | RESUMEN | 384383.0 | 386820.6 | 376657.66 | 386820.6 | 386820.6 | 389866.41 | 375333.33 | 
2018-06-08 01:42:32 [INFO] | RESUMEN | 384383.0 | 386820.6 | 376657.66 | 386744.6 | 386820.6 | 389866.41 | 375333.33 | 
2018-06-08 01:42:42 [INFO] | RESUMEN | 384383.0 | 386820.6 | 376657.66 | 386744.6 | 386820.6 | 389866.41 | 375326.67 | 
2018-06-08 01:43:06 [INFO] | RESUMEN | 384383.0 | 386820.6 | 376657.66 | 386744.6 | 386744.6 | 389866.41 | 375326.67 | 
2018-06-08 01:43:25 [INFO] | RESUMEN | 384383.0 | 386820.6 | 376657.66 | 386744.6 | 386744.6 | 389866.41 | 375333.33 | 
2018-06-08 01:44:05 [INFO] | RESUMEN | 384383.0 | 386820.6 | 376657.66 | 386744.6 | 386744.6 | 389993.07 | 375333.33 | 
2018-06-08 01:44:09 [INFO] | RESUMEN | 384383.0 | 386820.6 | 376657.66 | 386744.6 | 386744.6 | 389866.41 | 375333.33 | 
2018-06-08 01:44:47 [INFO] | RESUMEN | 384383.0 | 386820.6 | 376657.66 | 386744.6 | 386744.6 | 389993.07 | 375333.33 | 
2018-06-08 01:44:50 [INFO] | RESUMEN | 384383.0 | 386820.6 | 376657.66 | 386744.6 | 386744.6 | 389866.41 | 375333.33 | 
2018-06-08 01:46:10 [INFO] | RESUMEN | 384383.0 | 386820.6 | 376657.66 | 386744.6 | 386744.6 | 389993.07 | 375333.33 | 
2018-06-08 01:46:14 [INFO] | RESUMEN | 384383.0 | 386820.6 | 376657.66 | 386744.6 | 386744.6 | 389866.41 | 375346.67 | 
2018-06-08 01:47:33 [INFO] | RESUMEN | 384383.0 | 386820.6 | 376657.66 | 386744.6 | 386744.6 | 389993.07 | 375346.67 | 
2018-06-08 01:47:37 [INFO] | RESUMEN | 384383.0 | 386820.6 | 376657.66 | 386744.6 | 386744.6 | 389866.41 | 375346.67 | 
2018-06-08 01:48:15 [INFO] | RESUMEN | 384383.0 | 386820.6 | 376657.66 | 386744.6 | 386744.6 | 389993.07 | 375346.67 | 
2018-06-08 01:48:17 [INFO] | RESUMEN | 384383.0 | 386820.6 | 376657.66 | 386744.6 | 386744.6 | 389866.41 | 375353.33 | 
2018-06-08 01:48:39 [INFO] | RESUMEN | 384383.0 | 386820.6 | 376657.66 | 386744.6 | 386744.6 | 389866.41 | 375360.0 | 
2018-06-08 01:49:01 [INFO] | RESUMEN | 384383.0 | 386820.6 | 376657.66 | 386744.6 | 386744.6 | 389993.07 | 375360.0 | 
2018-06-08 01:49:04 [INFO] | RESUMEN | 384383.0 | 386820.6 | 376657.66 | 386744.6 | 386744.6 | 389866.41 | 375360.0 | 
2018-06-08 01:49:43 [INFO] | RESUMEN | 384383.0 | 386820.6 | 376657.66 | 386744.6 | 386744.6 | 389993.07 | 375360.0 | 
2018-06-08 01:49:46 [INFO] | RESUMEN | 384383.0 | 386820.6 | 376657.66 | 386744.6 | 386744.6 | 389866.41 | 375360.0 | 
2018-06-08 01:50:19 [INFO] | RESUMEN | 384383.0 | 386820.6 | 376657.66 | 386744.6 | 386744.6 | 389993.07 | 375360.0 | 
2018-06-08 01:50:22 [INFO] | RESUMEN | 384383.0 | 386820.6 | 376657.66 | 386744.6 | 386744.6 | 389866.41 | 375366.67 | 
2018-06-08 01:51:01 [INFO] | RESUMEN | 384383.0 | 386820.6 | 376657.66 | 386744.6 | 386744.6 | 389993.07 | 375366.67 | 
2018-06-08 01:51:04 [INFO] | RESUMEN | 384383.0 | 386820.6 | 376657.66 | 386744.6 | 386744.6 | 389866.41 | 375366.67 | 
2018-06-08 01:51:11 [INFO] Error inesperado: float division by zero
2018-06-08 01:51:46 [INFO] | RESUMEN | 384383.0 | 386820.6 | 376657.66 | 386744.6 | 386744.6 | 389993.07 | 375366.67 | 
2018-06-08 01:51:49 [INFO] | RESUMEN | 384383.0 | 386820.6 | 376657.66 | 386744.6 | 386744.6 | 389866.41 | 375366.67 | 
2018-06-08 01:52:23 [INFO] | RESUMEN | 384383.0 | 386820.6 | 376657.66 | 386744.6 | 386744.6 | 389993.07 | 375366.67 | 
2018-06-08 01:52:26 [INFO] | RESUMEN | 384383.0 | 386820.6 | 376657.66 | 386744.6 | 386744.6 | 389866.41 | 375373.33 | 
2018-06-08 01:52:57 [INFO] | RESUMEN | 384383.0 | 386820.6 | 376657.66 | 386744.6 | 386744.6 | 389866.41 | 375380.0 | 
2018-06-08 01:53:07 [INFO] | RESUMEN | 384383.0 | 386820.6 | 376657.66 | 386744.6 | 386744.6 | 389993.07 | 375380.0 | 
2018-06-08 01:53:11 [INFO] | RESUMEN | 384383.0 | 386820.6 | 376657.66 | 386744.6 | 386744.6 | 389866.41 | 375380.0 | 
2018-06-08 01:53:53 [INFO] | RESUMEN | 384383.0 | 386820.6 | 376657.66 | 386744.6 | 386744.6 | 389993.07 | 375380.0 | 
2018-06-08 01:53:56 [INFO] | RESUMEN | 384383.0 | 386820.6 | 376657.66 | 386744.6 | 386744.6 | 389866.41 | 375380.0 | 
2018-06-08 01:54:36 [INFO] | RESUMEN | 384383.0 | 386820.6 | 376657.66 | 386744.6 | 386744.6 | 389866.41 | 375393.33 | 
2018-06-08 01:55:12 [INFO] | RESUMEN | 384383.0 | 386820.6 | 376657.66 | 386744.6 | 386744.6 | 389993.07 | 375393.33 | 
2018-06-08 01:55:15 [INFO] | RESUMEN | 384383.0 | 386820.6 | 376657.66 | 386744.6 | 386744.6 | 389866.41 | 375393.33 | 
2018-06-08 01:55:55 [INFO] | RESUMEN | 384383.0 | 386820.6 | 376657.66 | 386744.6 | 386744.6 | 389993.07 | 375393.33 | 
2018-06-08 01:55:58 [INFO] | RESUMEN | 384383.0 | 386820.6 | 376657.66 | 386744.6 | 386744.6 | 389866.41 | 375393.33 | 
2018-06-08 01:56:32 [INFO] | RESUMEN | 384383.0 | 386820.6 | 376657.66 | 386744.6 | 386744.6 | 389993.07 | 375393.33 | 
2018-06-08 01:56:36 [INFO] | RESUMEN | 384383.0 | 386820.6 | 376657.66 | 386744.6 | 386744.6 | 389866.41 | 375406.67 | 
2018-06-08 01:57:14 [INFO] | RESUMEN | 384383.0 | 386820.6 | 376657.66 | 386744.6 | 386744.6 | 389993.07 | 375406.67 | 
2018-06-08 01:57:17 [INFO] | RESUMEN | 384383.0 | 386820.6 | 376657.66 | 386744.6 | 386744.6 | 389979.74 | 375400.0 | 
2018-06-08 01:58:34 [INFO] | RESUMEN | 384383.0 | 386820.6 | 376657.66 | 386744.6 | 386744.6 | 389993.07 | 375400.0 | 
2018-06-08 01:58:37 [INFO] | RESUMEN | 384383.0 | 386820.6 | 376657.66 | 386744.6 | 386744.6 | 389979.74 | 375400.0 | 
2018-06-08 01:58:40 [INFO] | RESUMEN | 384383.0 | 386820.6 | 376657.66 | 386744.6 | 386744.6 | 389979.74 | 375413.33 | 
2018-06-08 02:00:02 [INFO] Error inesperado: float division by zero
2018-06-08 02:00:21 [INFO] | RESUMEN | 384383.0 | 386820.6 | 376657.66 | 386744.6 | 386744.6 | 391126.41 | 375413.33 | 
2018-06-08 02:00:24 [INFO] | RESUMEN | 384383.0 | 386820.6 | 376657.66 | 386744.6 | 386744.6 | 389979.74 | 375413.33 | 
2018-06-08 02:01:19 [INFO] | RESUMEN | 384383.0 | 386820.6 | 376657.66 | 386744.6 | 386744.6 | 391126.41 | 375413.33 | 
2018-06-08 02:01:25 [INFO] | RESUMEN | 384383.0 | 386820.6 | 376657.66 | 386744.6 | 386744.6 | 389979.74 | 375426.67 | 
2018-06-08 02:02:14 [INFO] | RESUMEN | 384383.0 | 386820.6 | 376657.66 | 378449.69 | 386744.6 | 389979.74 | 375426.67 | 
2018-06-08 02:02:34 [INFO] | RESUMEN | 384383.0 | 386820.6 | 376657.66 | 378449.69 | 378449.69 | 389979.74 | 375426.67 | 
2018-06-08 02:14:41 [INFO] Error inesperado: float division by zero
2018-06-08 02:17:41 [INFO] | RESUMEN | 384383.0 | 386820.6 | 376657.66 | 378449.69 | 378449.69 | 389979.74 | 375420.0 | 
2018-06-08 02:18:57 [INFO] | RESUMEN | 384383.0 | 386820.6 | 376657.66 | 378449.69 | 378449.69 | 389979.74 | 375426.67 | 
2018-06-08 02:31:55 [INFO] Error inesperado: float division by zero
2018-06-08 02:48:20 [INFO] Error inesperado: float division by zero
2018-06-08 03:14:16 [INFO] Error inesperado: float division by zero
2018-06-08 03:27:31 [INFO] | RESUMEN | 384383.0 | 386820.6 | 376657.66 | 378449.69 | 378449.69 | 389139.74 | 375426.67 | 
2018-06-08 03:31:14 [INFO] Error inesperado: float division by zero
2018-06-08 03:46:07 [INFO] Error inesperado: float division by zero
2018-06-08 04:02:28 [INFO] | RESUMEN | 384383.0 | 386820.6 | 376657.66 | 378449.69 | 378449.69 | 387846.41 | 375426.67 | 
2018-06-08 04:06:35 [INFO] Error inesperado: float division by zero
2018-06-08 04:29:52 [INFO] Error inesperado: float division by zero
2018-06-08 04:58:22 [INFO] Error inesperado: float division by zero
2018-06-08 04:58:54 [INFO] Error inesperado: float division by zero
2018-06-08 04:59:58 [INFO] Error inesperado: float division by zero
2018-06-08 05:01:16 [INFO] Error inesperado: float division by zero
2018-06-08 05:09:04 [INFO] Error inesperado: float division by zero
2018-06-08 05:15:18 [INFO] Error inesperado: float division by zero
2018-06-08 05:26:19 [INFO] Error inesperado: float division by zero
2018-06-08 05:28:40 [INFO] Error inesperado: float division by zero
2018-06-08 05:35:10 [INFO] Error inesperado: float division by zero
2018-06-08 05:39:52 [INFO] Error inesperado: float division by zero
2018-06-08 05:46:16 [INFO] Error inesperado: float division by zero
2018-06-08 05:51:04 [INFO] Error inesperado: float division by zero
2018-06-08 05:56:25 [INFO] Error inesperado: float division by zero
2018-06-08 06:09:10 [INFO] Error inesperado: float division by zero
2018-06-08 06:12:05 [INFO] Error inesperado: float division by zero
2018-06-08 06:17:25 [INFO] Error inesperado: float division by zero
2018-06-08 06:22:39 [INFO] Error inesperado: float division by zero
2018-06-08 06:24:28 [INFO] | RESUMEN | 384383.0 | 386820.6 | 376657.66 | 378449.69 | 378449.69 | 387493.08 | 375426.67 | 
2018-06-08 06:28:21 [INFO] Error inesperado: float division by zero
2018-06-08 06:29:57 [INFO] | RESUMEN | 384383.0 | 386820.6 | 376657.66 | 378449.69 | 378449.69 | 386593.08 | 375426.67 | 
2018-06-08 06:31:29 [INFO] Error inesperado: float division by zero
2018-06-08 06:32:55 [INFO] Error inesperado: float division by zero
2018-06-08 06:40:32 [INFO] | RESUMEN | 384383.0 | 386820.6 | 376657.66 | 378449.69 | 378449.69 | 385586.41 | 375426.67 | 
2018-06-08 06:43:43 [INFO] Error inesperado: float division by zero
2018-06-08 06:44:40 [INFO] Error inesperado: float division by zero
2018-06-08 06:48:43 [INFO] | RESUMEN | 384383.0 | 386820.6 | 376657.66 | 378449.69 | 378449.69 | 386593.08 | 375426.67 | 
2018-06-08 06:49:21 [INFO] Error inesperado: float division by zero
2018-06-08 06:50:22 [INFO] Error inesperado: float division by zero
2018-06-08 06:53:13 [INFO] Error inesperado: float division by zero
2018-06-08 07:00:07 [INFO] Error inesperado: float division by zero
2018-06-08 07:00:58 [INFO] Error inesperado: float division by zero
2018-06-08 07:01:45 [INFO] | RESUMEN | 384383.0 | 386820.6 | 376657.66 | 378449.69 | 378449.69 | 385579.74 | 375426.67 | 
2018-06-08 07:04:33 [INFO] Error inesperado: float division by zero
2018-06-08 07:06:56 [INFO] | RESUMEN | 384383.0 | 386820.6 | 376657.66 | 378449.69 | 378449.69 | 385239.74 | 375426.67 | 
2018-06-08 07:16:40 [INFO] Error inesperado: float division by zero
2018-06-08 07:19:57 [INFO] Error inesperado: float division by zero
2018-06-08 07:20:03 [INFO] Error inesperado: float division by zero
2018-06-08 07:22:19 [INFO] Error inesperado: float division by zero
2018-06-08 07:24:02 [INFO] | RESUMEN | 384383.0 | 386820.6 | 376657.66 | 378449.69 | 378449.69 | 385413.08 | 375426.67 | 
2018-06-08 07:24:35 [INFO] Error inesperado: float division by zero
2018-06-08 07:25:51 [INFO] Error inesperado: float division by zero
2018-06-08 07:29:25 [INFO] Error inesperado: float division by zero
2018-06-08 07:31:54 [INFO] Error inesperado: float division by zero
2018-06-08 07:34:45 [INFO] Error inesperado: float division by zero
2018-06-08 07:37:56 [INFO] Error inesperado: float division by zero
2018-06-08 07:38:25 [INFO] Error inesperado: float division by zero
2018-06-08 07:39:07 [INFO] Error inesperado: float division by zero
2018-06-08 07:41:32 [INFO] Error inesperado: float division by zero
2018-06-08 07:42:55 [INFO] Error inesperado: float division by zero
2018-06-08 07:46:02 [INFO] Error inesperado: float division by zero
2018-06-08 07:46:42 [INFO] | RESUMEN | 384383.0 | 386820.6 | 376657.66 | 382332.13 | 378449.69 | 385413.08 | 375426.67 | 
2018-06-08 07:47:12 [INFO] | RESUMEN | 384383.0 | 386820.6 | 376657.66 | 382332.13 | 382332.13 | 385413.08 | 375426.67 | 
2018-06-08 07:47:28 [INFO] Error inesperado: float division by zero
2018-06-08 07:49:23 [INFO] | RESUMEN | 384383.0 | 386820.6 | 376657.66 | 382332.13 | 382332.13 | 386593.08 | 375426.67 | 
2018-06-08 07:50:30 [INFO] Error inesperado: float division by zero
2018-06-08 07:52:29 [INFO] Error inesperado: float division by zero
2018-06-08 07:53:03 [INFO] | RESUMEN | 384383.0 | 386820.6 | 376657.66 | 382332.13 | 382332.13 | 386293.08 | 375426.67 | 
2018-06-08 07:53:13 [INFO] Error inesperado: float division by zero
2018-06-08 07:53:24 [INFO] Error inesperado: float division by zero
2018-06-08 07:57:25 [INFO] | RESUMEN | 384383.0 | 386820.6 | 376657.66 | 382332.13 | 382332.13 | 386593.08 | 375426.67 | 
2018-06-08 08:03:12 [INFO] | RESUMEN | 384383.0 | 386820.6 | 376657.66 | 382332.13 | 382332.13 | 385639.74 | 375426.67 | 
2018-06-08 08:08:03 [INFO] | RESUMEN | 384383.0 | 386820.6 | 376657.66 | 382332.13 | 382332.13 | 384913.08 | 375426.67 | 
2018-06-08 08:12:37 [INFO] | RESUMEN | 384383.0 | 386820.6 | 376657.66 | 382332.13 | 382332.13 | 385613.08 | 375426.67 | 
2018-06-08 08:12:40 [INFO] | RESUMEN | 384383.0 | 386820.6 | 376657.66 | 382332.13 | 382332.13 | 383566.41 | 375426.67 | 
2018-06-08 08:13:46 [INFO] Error inesperado: float division by zero
2018-06-08 08:37:05 [INFO] | RESUMEN | 384383.0 | 386820.6 | 376657.66 | 382332.13 | 382332.13 | 384566.41 | 375426.67 | 
2018-06-08 08:37:08 [INFO] | RESUMEN | 384383.0 | 386820.6 | 376657.66 | 382332.13 | 382332.13 | 384073.08 | 375426.67 | 
2018-06-08 08:37:14 [INFO] Error inesperado: float division by zero
2018-06-08 08:40:58 [INFO] | RESUMEN | 384383.0 | 386820.6 | 376657.66 | 382332.13 | 382332.13 | 384433.08 | 375426.67 | 
2018-06-08 08:44:58 [INFO] Error inesperado: float division by zero
2018-06-08 08:47:03 [INFO] Error inesperado: float division by zero
2018-06-08 08:56:55 [INFO] | RESUMEN | 384383.0 | 386820.6 | 376657.66 | 382332.13 | 382332.13 | 384566.41 | 375426.67 | 
2018-06-08 08:56:57 [INFO] | RESUMEN | 384383.0 | 386820.6 | 376657.66 | 382332.13 | 382332.13 | 386133.08 | 375426.67 | 
2018-06-08 08:57:04 [INFO] | RESUMEN | 384383.0 | 386820.6 | 376657.66 | 382332.13 | 382332.13 | 386593.08 | 375426.67 | 
2018-06-08 08:57:55 [INFO] Error inesperado: float division by zero
2018-06-08 09:00:01 [INFO] Error inesperado: float division by zero
2018-06-08 09:02:00 [INFO] | RESUMEN | 384383.0 | 386820.6 | 376657.66 | 382332.13 | 382332.13 | 384533.08 | 375426.67 | 
2018-06-08 09:07:31 [INFO] | RESUMEN | 384383.0 | 386820.6 | 376657.66 | 382332.13 | 382332.13 | 384299.74 | 375426.67 | 
2018-06-08 09:16:23 [INFO] Error inesperado: float division by zero
2018-06-08 09:17:18 [INFO] Error inesperado: float division by zero
2018-06-08 09:21:28 [INFO] | RESUMEN | 384383.0 | 386820.6 | 376657.66 | 382332.13 | 382332.13 | 385113.08 | 375426.67 | 
2018-06-08 09:22:59 [INFO] Error inesperado: float division by zero
2018-06-08 09:23:15 [INFO] Error inesperado: float division by zero
